- 1117838570 2005.06.03 R02-M1-N0-C:J12-U11 2005-06-03-15.42.50.675872 R02-M1-N0-C:J12-U11 RAS KERNEL INFO instruction cache parity error corrected
- 1117838573 2005.06.03 R02-M1-N0-C:J12-U11 2005-06-03-15.42.53.276129 R02-M1-N0-C:J12-U11 RAS KERNEL INFO instruction cache parity error corrected
- 1117838976 2005.06.03 R02-M1-N0-C:J12-U11 2005-06-03-15.49.36.156884 R02-M1-N0-C:J12-U11 RAS KERNEL INFO instruction cache parity error corrected
- 1117838978 2005.06.03 R02-M1-N0-C:J12-U11 2005-06-03-15.49.38.026704 R02-M1-N0-C:J12-U11 RAS KERNEL INFO instruction cache parity error corrected
- 1117842440 2005.06.03 R23-M0-NE-C:J05-U01 2005-06-03-16.47.20.730545 R23-M0-NE-C:J05-U01 RAS KERNEL INFO 63543 double-hummer alignment exceptions
- 1117842974 2005.06.03 R24-M0-N1-C:J13-U11 2005-06-03-16.56.14.254137 R24-M0-N1-C:J13-U11 RAS KERNEL INFO 162 double-hummer alignment exceptions
- 1117843015 2005.06.03 R21-M1-N6-C:J08-U11 2005-06-03-16.56.55.309974 R21-M1-N6-C:J08-U11 RAS KERNEL INFO 141 double-hummer alignment exceptions
- 1117848119 2005.06.03 R16-M1-N2-C:J17-U01 2005-06-03-18.21.59.871925 R16-M1-N2-C:J17-U01 RAS KERNEL INFO CE sym 2, at 0x0b85eee0, mask 0x05
APPREAD 1117869872 2005.06.04 R04-M1-N4-I:J18-U11 2005-06-04-00.24.32.432192 R04-M1-N4-I:J18-U11 RAS APP FATAL ciod: failed to read message prefix on control stream (CioStream socket to 172.16.96.116:33569
APPREAD 1117869876 2005.06.04 R27-M1-N4-I:J18-U01 2005-06-04-00.24.36.222560 R27-M1-N4-I:J18-U01 RAS APP FATAL ciod: failed to read message prefix on control stream (CioStream socket to 172.16.96.116:33370
- 1117942120 2005.06.04 R30-M0-N7-C:J08-U01 2005-06-04-20.28.40.767551 R30-M0-N7-C:J08-U01 RAS KERNEL INFO CE sym 20, at 0x1438f9e0, mask 0x40
- 1117955341 2005.06.05 R25-M0-N7-C:J02-U01 2005-06-05-00.09.01.903373 R25-M0-N7-C:J02-U01 RAS KERNEL INFO generating core.2275
- 1117955392 2005.06.05 R24-M1-N8-C:J09-U11 2005-06-05-00.09.52.516674 R24-M1-N8-C:J09-U11 RAS KERNEL INFO generating core.862
- 1117956980 2005.06.05 R24-M1-NB-C:J15-U11 2005-06-05-00.36.20.945796 R24-M1-NB-C:J15-U11 RAS KERNEL INFO generating core.728
- 1117957045 2005.06.05 R20-M1-N8-C:J04-U01 2005-06-05-00.37.25.012681 R20-M1-N8-C:J04-U01 RAS KERNEL INFO generating core.775
- 1117959501 2005.06.05 R24-M0-NE-C:J14-U11 2005-06-05-01.18.21.778604 R24-M0-NE-C:J14-U11 RAS KERNEL INFO generating core.3276
- 1117959513 2005.06.05 R21-M1-N2-C:J11-U01 2005-06-05-01.18.33.830595 R21-M1-N2-C:J11-U01 RAS KERNEL INFO generating core.1717
- 1117959563 2005.06.05 R24-M0-N8-C:J04-U11 2005-06-05-01.19.23.822135 R24-M0-N8-C:J04-U11 RAS KERNEL INFO generating core.3919
- 1117973759 2005.06.05 R31-M0-NE-C:J05-U11 2005-06-05-05.15.59.416717 R31-M0-NE-C:J05-U11 RAS KERNEL INFO generating core.2079
- 1117973786 2005.06.05 R36-M0-NA-C:J06-U01 2005-06-05-05.16.26.686603 R36-M0-NA-C:J06-U01 RAS KERNEL INFO generating core.1414
- 1117973919 2005.06.05 R33-M0-N4-C:J02-U11 2005-06-05-05.18.39.396608 R33-M0-N4-C:J02-U11 RAS KERNEL INFO generating core.3055
- 1117974206 2005.06.05 R22-M0-ND-C:J10-U11 2005-06-05-05.23.26.239153 R22-M0-ND-C:J10-U11 RAS KERNEL INFO generating core.201
- 1117974463 2005.06.05 R27-M0-N6-C:J10-U01 2005-06-05-05.27.43.336565 R27-M0-N6-C:J10-U01 RAS KERNEL INFO generating core.1125
- 1117975251 2005.06.05 R26-M1-N8-C:J17-U11 2005-06-05-05.40.51.726735 R26-M1-N8-C:J17-U11 RAS KERNEL INFO generating core.412
- 1117976658 2005.06.05 R36-M1-N8-C:J17-U01 2005-06-05-06.04.18.406158 R36-M1-N8-C:J17-U01 RAS KERNEL INFO generating core.7828
- 1117977497 2005.06.05 R33-M1-NB-C:J06-U01 2005-06-05-06.18.17.802159 R33-M1-NB-C:J06-U01 RAS KERNEL INFO generating core.5570
- 1117979227 2005.06.05 R01-M1-N7-C:J04-U11 2005-06-05-06.47.07.157021 R01-M1-N7-C:J04-U11 RAS KERNEL INFO generating core.8275
- 1117982609 2005.06.05 R35-M1-NE-C:J05-U01 2005-06-05-07.43.29.979844 R35-M1-NE-C:J05-U01 RAS KERNEL INFO generating core.4183
- 1117984124 2005.06.05 R36-M1-NF-C:J11-U01 2005-06-05-08.08.44.281729 R36-M1-NF-C:J11-U01 RAS KERNEL INFO generating core.6545
- 1117984130 2005.06.05 R37-M1-NE-C:J13-U01 2005-06-05-08.08.50.547117 R37-M1-NE-C:J13-U01 RAS KERNEL INFO generating core.4245
- 1117984216 2005.06.05 R32-M1-N4-C:J16-U01 2005-06-05-08.10.16.270131 R32-M1-N4-C:J16-U01 RAS KERNEL INFO generating core.6884
- 1117984246 2005.06.05 R30-M1-N3-C:J02-U01 2005-06-05-08.10.46.344235 R30-M1-N3-C:J02-U01 RAS KERNEL FATAL force load/store alignment...............0
- 1117985401 2005.06.05 R34-M1-NE-C:J02-U01 2005-06-05-08.30.01.873693 R34-M1-NE-C:J02-U01 RAS KERNEL INFO generating core.6471
- 1117985413 2005.06.05 R31-M1-N7-C:J05-U11 2005-06-05-08.30.13.824307 R31-M1-N7-C:J05-U11 RAS KERNEL INFO generating core.4155
- 1117985464 2005.06.05 R32-M0-NF-C:J10-U01 2005-06-05-08.31.04.464776 R32-M0-NF-C:J10-U01 RAS KERNEL INFO generating core.449
- 1117985533 2005.06.05 R34-M1-NC-C:J06-U11 2005-06-05-08.32.13.659715 R34-M1-NC-C:J06-U11 RAS KERNEL INFO generating core.6990
- 1117985547 2005.06.05 R31-M1-NC-C:J14-U11 2005-06-05-08.32.27.814949 R31-M1-NC-C:J14-U11 RAS KERNEL INFO generating core.4876
- 1117987420 2005.06.05 R37-M0-N7-C:J08-U11 2005-06-05-09.03.40.673488 R37-M0-N7-C:J08-U11 RAS KERNEL INFO generating core.2218
- 1117988266 2005.06.05 R34-M1-NA-C:J07-U11 2005-06-05-09.17.46.225683 R34-M1-NA-C:J07-U11 RAS KERNEL INFO generating core.7518
- 1117988286 2005.06.05 R33-M1-N8-C:J09-U11 2005-06-05-09.18.06.694851 R33-M1-N8-C:J09-U11 RAS KERNEL INFO generating core.5854
- 1117988416 2005.06.05 R30-M1-N3-C:J10-U01 2005-06-05-09.20.16.681318 R30-M1-N3-C:J10-U01 RAS KERNEL INFO generating core.7457
- 1117988443 2005.06.05 R32-M1-N5-C:J17-U01 2005-06-05-09.20.43.944594 R32-M1-N5-C:J17-U01 RAS KERNEL INFO generating core.6896
- 1117989483 2005.06.05 R37-M0-N3-C:J14-U01 2005-06-05-09.38.03.456120 R37-M0-N3-C:J14-U01 RAS KERNEL INFO generating core.3488
- 1117989508 2005.06.05 R36-M0-NA-C:J17-U01 2005-06-05-09.38.28.957918 R36-M0-NA-C:J17-U01 RAS KERNEL INFO generating core.1172
- 1117989530 2005.06.05 R33-M0-N6-C:J08-U11 2005-06-05-09.38.50.430385 R33-M0-N6-C:J08-U11 RAS KERNEL INFO generating core.2286
- 1117989577 2005.06.05 R30-M0-ND-C:J07-U01 2005-06-05-09.39.37.590924 R30-M0-ND-C:J07-U01 RAS KERNEL INFO generating core.786
- 1117989594 2005.06.05 R35-M0-N5-C:J17-U11 2005-06-05-09.39.54.210760 R35-M0-N5-C:J17-U11 RAS KERNEL INFO generating core.2680
- 1117989601 2005.06.05 R32-M0-N2-C:J15-U01 2005-06-05-09.40.01.191177 R32-M0-N2-C:J15-U01 RAS KERNEL INFO generating core.1524
- 1117989617 2005.06.05 R35-M1-ND-C:J10-U11 2005-06-05-09.40.17.352982 R35-M1-ND-C:J10-U11 RAS KERNEL INFO generating core.4937
- 1117990886 2005.06.05 R36-M1-ND-C:J13-U01 2005-06-05-10.01.26.040379 R36-M1-ND-C:J13-U01 RAS KERNEL INFO generating core.6801
- 1117990951 2005.06.05 R31-M1-NF-C:J15-U01 2005-06-05-10.02.31.242619 R31-M1-NF-C:J15-U01 RAS KERNEL INFO generating core.4368
- 1117990980 2005.06.05 R34-M0-ND-C:J03-U01 2005-06-05-10.03.00.195528 R34-M0-ND-C:J03-U01 RAS KERNEL INFO generating core.851
- 1117991006 2005.06.05 R32-M0-N9-C:J17-U01 2005-06-05-10.03.26.884113 R32-M0-N9-C:J17-U01 RAS KERNEL INFO generating core.1744
- 1117991046 2005.06.05 R30-M0-N0-C:J17-U01 2005-06-05-10.04.06.326828 R30-M0-N0-C:J17-U01 RAS KERNEL INFO generating core.1588
- 1117992519 2005.06.05 R37-M1-N3-C:J05-U11 2005-06-05-10.28.39.717587 R37-M1-N3-C:J05-U11 RAS KERNEL INFO generating core.5307
- 1117992553 2005.06.05 R30-M1-NB-C:J17-U11 2005-06-05-10.29.13.196439 R30-M1-NB-C:J17-U11 RAS KERNEL INFO generating core.7192
- 1118070512 2005.06.06 R01-M1-NB-C:J03-U11 2005-06-06-08.08.32.984716 R01-M1-NB-C:J03-U11 RAS KERNEL INFO CE sym 20, at 0x01228120, mask 0x10
- 1118070518 2005.06.06 R01-M1-ND-C:J15-U11 2005-06-06-08.08.38.414458 R01-M1-ND-C:J15-U11 RAS KERNEL INFO CE sym 5, at 0x11042a80, mask 0x04
- 1118079221 2005.06.06 R02-M1-N0-C:J12-U11 2005-06-06-10.33.41.093251 R02-M1-N0-C:J12-U11 RAS KERNEL INFO instruction cache parity error corrected
- 1118079403 2005.06.06 R02-M1-N0-C:J12-U11 2005-06-06-10.36.43.705821 R02-M1-N0-C:J12-U11 RAS KERNEL INFO instruction cache parity error corrected
- 1118080420 2005.06.06 R02-M1-N0-C:J12-U11 2005-06-06-10.53.40.701796 R02-M1-N0-C:J12-U11 RAS KERNEL INFO instruction cache parity error corrected
- 1118080480 2005.06.06 R02-M1-N0-C:J12-U11 2005-06-06-10.54.40.382678 R02-M1-N0-C:J12-U11 RAS KERNEL INFO instruction cache parity error corrected
- 1118080909 2005.06.06 R02-M1-N0-C:J12-U11 2005-06-06-11.01.49.223879 R02-M1-N0-C:J12-U11 RAS KERNEL INFO instruction cache parity error corrected
- 1118081048 2005.06.06 R02-M1-N0-C:J12-U11 2005-06-06-11.04.08.452393 R02-M1-N0-C:J12-U11 RAS KERNEL INFO instruction cache parity error corrected
- 1118081391 2005.06.06 R02-M1-N0-C:J12-U11 2005-06-06-11.09.51.751862 R02-M1-N0-C:J12-U11 RAS KERNEL INFO instruction cache parity error corrected
- 1118081467 2005.06.06 R02-M1-N0-C:J12-U11 2005-06-06-11.11.07.787886 R02-M1-N0-C:J12-U11 RAS KERNEL INFO instruction cache parity error corrected
- 1118112603 2005.06.06 R22-M0-N0-C:J08-U11 2005-06-06-19.50.03.669394 R22-M0-N0-C:J08-U11 RAS KERNEL INFO generating core.430
- 1118112604 2005.06.06 R22-M0-N4-C:J08-U11 2005-06-06-19.50.04.552706 R22-M0-N4-C:J08-U11 RAS KERNEL INFO generating core.174
- 1118112700 2005.06.06 R23-M0-N0-I:J18-U01 2005-06-06-19.51.40.376079 R23-M0-N0-I:J18-U01 RAS KERNEL INFO ciod: cpu 0 at treeaddr 438 sent unrecognized message 0xffffffff
- 1118114656 2005.06.06 R24-M1-N9-C:J15-U01 2005-06-06-20.24.16.345770 R24-M1-N9-C:J15-U01 RAS KERNEL INFO generating core.976
- 1118122888 2005.06.06 R25-M1-N8-C:J06-U01 2005-06-06-22.41.28.143013 R25-M1-N8-C:J06-U01 RAS KERNEL INFO generating core.1990
- 1118149549 2005.06.07 R20-M0-N2-C:J09-U01 2005-06-07-06.05.49.961844 R20-M0-N2-C:J09-U01 RAS KERNEL INFO generating core.3638
- 1118149569 2005.06.07 R21-M0-NB-C:J06-U01 2005-06-07-06.06.09.288228 R21-M0-NB-C:J06-U01 RAS KERNEL INFO generating core.2690
- 1118149570 2005.06.07 R24-M0-NA-C:J15-U11 2005-06-07-06.06.10.391269 R24-M0-NA-C:J15-U11 RAS KERNEL INFO generating core.3804
- 1118149783 2005.06.07 R20-M1-N5-C:J06-U01 2005-06-07-06.09.43.355329 R20-M1-N5-C:J06-U01 RAS KERNEL INFO generating core.418
- 1118149821 2005.06.07 R20-M1-N4-C:J09-U01 2005-06-07-06.10.21.214757 R20-M1-N4-C:J09-U01 RAS KERNEL INFO generating core.310
- 1118172013 2005.06.07 R35-M0-N7-C:J10-U11 2005-06-07-12.20.13.966416 R35-M0-N7-C:J10-U11 RAS KERNEL INFO generating core.2409
- 1118172017 2005.06.07 R35-M1-NE-C:J09-U01 2005-06-07-12.20.17.344136 R35-M1-NE-C:J09-U01 RAS KERNEL INFO generating core.4182
- 1118172099 2005.06.07 R32-M1-N9-C:J11-U11 2005-06-07-12.21.39.208896 R32-M1-N9-C:J11-U11 RAS KERNEL INFO generating core.8153
- 1118172125 2005.06.07 R36-M1-N8-C:J17-U11 2005-06-07-12.22.05.196450 R36-M1-N8-C:J17-U11 RAS KERNEL INFO generating core.7836
- 1118172147 2005.06.07 R35-M0-NC-C:J03-U11 2005-06-07-12.22.27.613809 R35-M0-NC-C:J03-U11 RAS KERNEL INFO generating core.2911
- 1118172690 2005.06.07 R35-M0-N5-C:J10-U11 2005-06-07-12.31.30.918396 R35-M0-N5-C:J10-U11 RAS KERNEL INFO generating core.2921
- 1118183497 2005.06.07 R34-M0-N7-C:J09-U11 2005-06-07-15.31.37.435791 R34-M0-N7-C:J09-U11 RAS KERNEL INFO generating core.122
- 1118183566 2005.06.07 R36-M0-N0-C:J11-U01 2005-06-07-15.32.46.334191 R36-M0-N0-C:J11-U01 RAS KERNEL INFO generating core.1973
- 1118193358 2005.06.07 R11-M0-NC-I:J18-U01 2005-06-07-18.15.58.583443 R11-M0-NC-I:J18-U01 RAS APP FATAL ciod: LOGIN chdir(/p/gb2/glosli/8M_5000K/t800) failed: No such file or directory
- 1118207879 2005.06.07 R17-M1-N7-C:J15-U11 2005-06-07-22.17.59.587113 R17-M1-N7-C:J15-U11 RAS KERNEL INFO generating core.4984
- 1118207897 2005.06.07 R16-M1-NC-C:J06-U11 2005-06-07-22.18.17.203831 R16-M1-NC-C:J06-U11 RAS KERNEL INFO generating core.1822
- 1118251556 2005.06.08 R16-M1-N2-C:J12-U01 2005-06-08-10.25.56.322381 R16-M1-N2-C:J12-U01 RAS KERNEL INFO CE sym 28, at 0x110067e0, mask 0x02
- 1118271740 2005.06.08 R03-M1-N9-C:J09-U11 2005-06-08-16.02.20.600478 R03-M1-N9-C:J09-U11 RAS KERNEL INFO 1 ddr errors(s) detected and corrected on rank 0, symbol 25, bit 1
- 1118285722 2005.06.08 R15-M1-N6-C:J04-U11 2005-06-08-19.55.22.798062 R15-M1-N6-C:J04-U11 RAS KERNEL INFO CE sym 14, at 0x06047860, mask 0x20
- 1118290076 2005.06.08 R27-M0-ND-C:J10-U01 2005-06-08-21.07.56.397001 R27-M0-ND-C:J10-U01 RAS KERNEL INFO generating core.3265
- 1118290077 2005.06.08 R27-M1-N6-C:J04-U01 2005-06-08-21.07.57.879112 R27-M1-N6-C:J04-U01 RAS KERNEL INFO generating core.2599
- 1118292507 2005.06.08 R26-M0-NB-C:J09-U11 2005-06-08-21.48.27.952411 R26-M0-NB-C:J09-U11 RAS KERNEL INFO generating core.1818
- 1118301090 2005.06.09 R21-M1-NA-C:J07-U11 2005-06-09-00.11.30.925676 R21-M1-NA-C:J07-U11 RAS KERNEL INFO generating core.1694
- 1118343776 2005.06.09 R16-M1-N1-C:J12-U01 2005-06-09-12.02.56.706796 R16-M1-N1-C:J12-U01 RAS KERNEL INFO generating core.3401
- 1118343816 2005.06.09 R07-M1-NE-C:J06-U01 2005-06-09-12.03.36.113136 R07-M1-NE-C:J06-U01 RAS KERNEL INFO generating core.25350
- 1118343958 2005.06.09 R23-M1-NA-C:J17-U11 2005-06-09-12.05.58.258567 R23-M1-NA-C:J17-U11 RAS KERNEL INFO generating core.1820
- 1118351098 2005.06.09 R16-M1-N2-C:J17-U01 2005-06-09-14.04.58.329635 R16-M1-N2-C:J17-U01 RAS KERNEL INFO CE sym 2, at 0x1b85f080, mask 0x02
- 1118354046 2005.06.09 R24-M1-N6-C:J07-U11 2005-06-09-14.54.06.957120 R24-M1-N6-C:J07-U11 RAS KERNEL INFO generating core.254
- 1118354070 2005.06.09 R25-M1-N8-C:J05-U11 2005-06-09-14.54.30.103580 R25-M1-N8-C:J05-U11 RAS KERNEL INFO generating core.1887
- 1118363168 2005.06.09 R16-M1-N2-C:J17-U01 2005-06-09-17.26.08.386218 R16-M1-N2-C:J17-U01 RAS KERNEL INFO CE sym 2, at 0x1b85fe80, mask 0x02
- 1118371043 2005.06.09 R11-M0-N7-C:J16-U11 2005-06-09-19.37.23.866536 R11-M0-N7-C:J16-U11 RAS KERNEL INFO generating core.8280
- 1118371064 2005.06.09 R00-M1-N6-C:J12-U01 2005-06-09-19.37.44.455502 R00-M1-N6-C:J12-U01 RAS KERNEL INFO generating core.12357
KERNDTLB 1118536327 2005.06.11 R30-M0-N9-C:J16-U01 2005-06-11-17.32.07.581048 R30-M0-N9-C:J16-U01 RAS KERNEL FATAL data TLB error interrupt
KERNDTLB 1118536959 2005.06.11 R30-M0-N9-C:J16-U01 2005-06-11-17.42.39.794840 R30-M0-N9-C:J16-U01 RAS KERNEL FATAL data TLB error interrupt
KERNDTLB 1118537212 2005.06.11 R30-M0-N9-C:J16-U01 2005-06-11-17.46.52.020435 R30-M0-N9-C:J16-U01 RAS KERNEL FATAL data TLB error interrupt
KERNDTLB 1118537261 2005.06.11 R30-M0-N9-C:J16-U01 2005-06-11-17.47.41.103595 R30-M0-N9-C:J16-U01 RAS KERNEL FATAL data TLB error interrupt
KERNDTLB 1118537622 2005.06.11 R30-M0-N9-C:J16-U01 2005-06-11-17.53.42.323869 R30-M0-N9-C:J16-U01 RAS KERNEL FATAL data TLB error interrupt
KERNDTLB 1118537694 2005.06.11 R30-M0-N9-C:J16-U01 2005-06-11-17.54.54.024829 R30-M0-N9-C:J16-U01 RAS KERNEL FATAL data TLB error interrupt
KERNDTLB 1118538129 2005.06.11 R30-M0-N9-C:J16-U01 2005-06-11-18.02.09.666558 R30-M0-N9-C:J16-U01 RAS KERNEL FATAL data TLB error interrupt
KERNDTLB 1118538182 2005.06.11 R30-M0-N9-C:J16-U01 2005-06-11-18.03.02.884252 R30-M0-N9-C:J16-U01 RAS KERNEL FATAL data TLB error interrupt
KERNDTLB 1118538836 2005.06.11 R30-M0-N9-C:J16-U01 2005-06-11-18.13.56.287869 R30-M0-N9-C:J16-U01 RAS KERNEL FATAL data TLB error interrupt
KERNDTLB 1118539141 2005.06.11 R30-M0-N9-C:J16-U01 2005-06-11-18.19.01.277745 R30-M0-N9-C:J16-U01 RAS KERNEL FATAL data TLB error interrupt
KERNDTLB 1118539342 2005.06.11 R30-M0-N9-C:J16-U01 2005-06-11-18.22.22.630540 R30-M0-N9-C:J16-U01 RAS KERNEL FATAL data TLB error interrupt
KERNDTLB 1118539682 2005.06.11 R30-M0-N9-C:J16-U01 2005-06-11-18.28.02.964604 R30-M0-N9-C:J16-U01 RAS KERNEL FATAL data TLB error interrupt
KERNDTLB 1118539891 2005.06.11 R30-M0-N9-C:J16-U01 2005-06-11-18.31.31.276036 R30-M0-N9-C:J16-U01 RAS KERNEL FATAL data TLB error interrupt
KERNDTLB 1118540457 2005.06.11 R30-M0-N9-C:J16-U01 2005-06-11-18.40.57.217361 R30-M0-N9-C:J16-U01 RAS KERNEL FATAL data TLB error interrupt
KERNDTLB 1118541065 2005.06.11 R30-M0-N9-C:J16-U01 2005-06-11-18.51.05.246165 R30-M0-N9-C:J16-U01 RAS KERNEL FATAL data TLB error interrupt
KERNDTLB 1118541373 2005.06.11 R30-M0-N9-C:J16-U01 2005-06-11-18.56.13.781741 R30-M0-N9-C:J16-U01 RAS KERNEL FATAL data TLB error interrupt
KERNDTLB 1118541965 2005.06.11 R30-M0-N9-C:J16-U01 2005-06-11-19.06.05.431824 R30-M0-N9-C:J16-U01 RAS KERNEL FATAL data TLB error interrupt
KERNDTLB 1118542012 2005.06.11 R30-M0-N9-C:J16-U01 2005-06-11-19.06.52.571964 R30-M0-N9-C:J16-U01 RAS KERNEL FATAL data TLB error interrupt
KERNDTLB 1118542376 2005.06.11 R30-M0-N9-C:J16-U01 2005-06-11-19.12.56.115636 R30-M0-N9-C:J16-U01 RAS KERNEL FATAL data TLB error interrupt
KERNDTLB 1118543043 2005.06.11 R30-M0-N9-C:J16-U01 2005-06-11-19.24.03.186547 R30-M0-N9-C:J16-U01 RAS KERNEL FATAL data TLB error interrupt
KERNDTLB 1118543085 2005.06.11 R30-M0-N9-C:J16-U01 2005-06-11-19.24.45.991034 R30-M0-N9-C:J16-U01 RAS KERNEL FATAL data TLB error interrupt
KERNDTLB 1118543420 2005.06.11 R30-M0-N9-C:J16-U01 2005-06-11-19.30.20.585330 R30-M0-N9-C:J16-U01 RAS KERNEL FATAL data TLB error interrupt
KERNDTLB 1118543510 2005.06.11 R30-M0-N9-C:J16-U01 2005-06-11-19.31.50.792512 R30-M0-N9-C:J16-U01 RAS KERNEL FATAL data TLB error interrupt
KERNDTLB 1118543547 2005.06.11 R30-M0-N9-C:J16-U01 2005-06-11-19.32.27.820915 R30-M0-N9-C:J16-U01 RAS KERNEL FATAL data TLB error interrupt
KERNDTLB 1118543583 2005.06.11 R30-M0-N9-C:J16-U01 2005-06-11-19.33.03.793426 R30-M0-N9-C:J16-U01 RAS KERNEL FATAL data TLB error interrupt
KERNDTLB 1118543955 2005.06.11 R30-M0-N9-C:J16-U01 2005-06-11-19.39.15.873091 R30-M0-N9-C:J16-U01 RAS KERNEL FATAL data TLB error interrupt
KERNDTLB 1118544072 2005.06.11 R30-M0-N9-C:J16-U01 2005-06-11-19.41.12.806499 R30-M0-N9-C:J16-U01 RAS KERNEL FATAL data TLB error interrupt
KERNDTLB 1118544523 2005.06.11 R30-M0-N9-C:J16-U01 2005-06-11-19.48.43.752466 R30-M0-N9-C:J16-U01 RAS KERNEL FATAL data TLB error interrupt
KERNDTLB 1118544625 2005.06.11 R30-M0-N9-C:J16-U01 2005-06-11-19.50.25.307011 R30-M0-N9-C:J16-U01 RAS KERNEL FATAL data TLB error interrupt
KERNDTLB 1118544942 2005.06.11 R30-M0-N9-C:J16-U01 2005-06-11-19.55.42.506216 R30-M0-N9-C:J16-U01 RAS KERNEL FATAL data TLB error interrupt
KERNDTLB 1118545027 2005.06.11 R30-M0-N9-C:J16-U01 2005-06-11-19.57.07.898567 R30-M0-N9-C:J16-U01 RAS KERNEL FATAL data TLB error interrupt
KERNDTLB 1118545623 2005.06.11 R30-M0-N9-C:J16-U01 2005-06-11-20.07.03.218292 R30-M0-N9-C:J16-U01 RAS KERNEL FATAL data TLB error interrupt
KERNDTLB 1118545700 2005.06.11 R30-M0-N9-C:J16-U01 2005-06-11-20.08.20.603096 R30-M0-N9-C:J16-U01 RAS KERNEL FATAL data TLB error interrupt
KERNDTLB 1118548457 2005.06.11 R30-M0-N9-C:J16-U01 2005-06-11-20.54.17.510380 R30-M0-N9-C:J16-U01 RAS KERNEL FATAL data TLB error interrupt
KERNDTLB 1118548933 2005.06.11 R30-M0-N9-C:J16-U01 2005-06-11-21.02.13.585407 R30-M0-N9-C:J16-U01 RAS KERNEL FATAL data TLB error interrupt
KERNDTLB 1118549132 2005.06.11 R30-M0-N9-C:J16-U01 2005-06-11-21.05.32.007991 R30-M0-N9-C:J16-U01 RAS KERNEL FATAL data TLB error interrupt
KERNDTLB 1118549466 2005.06.11 R30-M0-N9-C:J16-U01 2005-06-11-21.11.06.535786 R30-M0-N9-C:J16-U01 RAS KERNEL FATAL data TLB error interrupt
KERNDTLB 1118549852 2005.06.11 R30-M0-N9-C:J16-U01 2005-06-11-21.17.32.188993 R30-M0-N9-C:J16-U01 RAS KERNEL FATAL data TLB error interrupt
KERNDTLB 1118549971 2005.06.11 R30-M0-N9-C:J16-U01 2005-06-11-21.19.31.616037 R30-M0-N9-C:J16-U01 RAS KERNEL FATAL data TLB error interrupt
KERNDTLB 1118550514 2005.06.11 R30-M0-N9-C:J16-U01 2005-06-11-21.28.34.864892 R30-M0-N9-C:J16-U01 RAS KERNEL FATAL data TLB error interrupt
KERNDTLB 1118550590 2005.06.11 R30-M0-N9-C:J16-U01 2005-06-11-21.29.50.731558 R30-M0-N9-C:J16-U01 RAS KERNEL FATAL data TLB error interrupt
KERNDTLB 1118550729 2005.06.11 R30-M0-N9-C:J16-U01 2005-06-11-21.32.09.069241 R30-M0-N9-C:J16-U01 RAS KERNEL FATAL data TLB error interrupt
KERNDTLB 1118550833 2005.06.11 R30-M0-N9-C:J16-U01 2005-06-11-21.33.53.535990 R30-M0-N9-C:J16-U01 RAS KERNEL FATAL data TLB error interrupt
KERNDTLB 1118551483 2005.06.11 R30-M0-N9-C:J16-U01 2005-06-11-21.44.43.496547 R30-M0-N9-C:J16-U01 RAS KERNEL FATAL data TLB error interrupt
KERNDTLB 1118552349 2005.06.11 R30-M0-N9-C:J16-U01 2005-06-11-21.59.09.406185 R30-M0-N9-C:J16-U01 RAS KERNEL FATAL data TLB error interrupt
KERNDTLB 1118552553 2005.06.11 R30-M0-N9-C:J16-U01 2005-06-11-22.02.33.858708 R30-M0-N9-C:J16-U01 RAS KERNEL FATAL data TLB error interrupt
KERNDTLB 1118552691 2005.06.11 R30-M0-N9-C:J16-U01 2005-06-11-22.04.51.794882 R30-M0-N9-C:J16-U01 RAS KERNEL FATAL data TLB error interrupt
KERNDTLB 1118552811 2005.06.11 R30-M0-N9-C:J16-U01 2005-06-11-22.06.51.501364 R30-M0-N9-C:J16-U01 RAS KERNEL FATAL data TLB error interrupt
KERNDTLB 1118552875 2005.06.11 R30-M0-N9-C:J16-U01 2005-06-11-22.07.55.838589 R30-M0-N9-C:J16-U01 RAS KERNEL FATAL data TLB error interrupt
KERNDTLB 1118553263 2005.06.11 R30-M0-N9-C:J16-U01 2005-06-11-22.14.23.973994 R30-M0-N9-C:J16-U01 RAS KERNEL FATAL data TLB error interrupt
KERNDTLB 1118553888 2005.06.11 R30-M0-N9-C:J16-U01 2005-06-11-22.24.48.384418 R30-M0-N9-C:J16-U01 RAS KERNEL FATAL data TLB error interrupt
KERNDTLB 1118554196 2005.06.11 R30-M0-N9-C:J16-U01 2005-06-11-22.29.56.837444 R30-M0-N9-C:J16-U01 RAS KERNEL FATAL data TLB error interrupt
KERNDTLB 1118554603 2005.06.11 R30-M0-N9-C:J16-U01 2005-06-11-22.36.43.913043 R30-M0-N9-C:J16-U01 RAS KERNEL FATAL data TLB error interrupt
KERNDTLB 1118554838 2005.06.11 R30-M0-N9-C:J16-U01 2005-06-11-22.40.38.175497 R30-M0-N9-C:J16-U01 RAS KERNEL FATAL data TLB error interrupt
KERNDTLB 1118555213 2005.06.11 R30-M0-N9-C:J16-U01 2005-06-11-22.46.53.485059 R30-M0-N9-C:J16-U01 RAS KERNEL FATAL data TLB error interrupt
KERNDTLB 1118555299 2005.06.11 R30-M0-N9-C:J16-U01 2005-06-11-22.48.19.442753 R30-M0-N9-C:J16-U01 RAS KERNEL FATAL data TLB error interrupt
KERNDTLB 1118555531 2005.06.11 R30-M0-N9-C:J16-U01 2005-06-11-22.52.11.070355 R30-M0-N9-C:J16-U01 RAS KERNEL FATAL data TLB error interrupt
KERNDTLB 1118556754 2005.06.11 R30-M0-N9-C:J16-U01 2005-06-11-23.12.34.701151 R30-M0-N9-C:J16-U01 RAS KERNEL FATAL data TLB error interrupt
KERNDTLB 1118557291 2005.06.11 R30-M0-N9-C:J16-U01 2005-06-11-23.21.31.495365 R30-M0-N9-C:J16-U01 RAS KERNEL FATAL data TLB error interrupt
KERNDTLB 1118557583 2005.06.11 R30-M0-N9-C:J16-U01 2005-06-11-23.26.23.330548 R30-M0-N9-C:J16-U01 RAS KERNEL FATAL data TLB error interrupt
- 1118686962 2005.06.13 R26-M0-NB-C:J07-U01 2005-06-13-11.22.42.601119 R26-M0-NB-C:J07-U01 RAS KERNEL INFO CE sym 10, at 0x08d10580, mask 0x08
- 1118699850 2005.06.13 R22-M0-NC-I:J18-U01 2005-06-13-14.57.30.126106 R22-M0-NC-I:J18-U01 RAS KERNEL INFO ciod: Message code 0 is not 51 or 4294967295
KERNSTOR 1118709403 2005.06.13 R10-M1-N5-C:J15-U11 2005-06-13-17.36.43.927885 R10-M1-N5-C:J15-U11 RAS KERNEL FATAL data storage interrupt
KERNSTOR 1118709482 2005.06.13 R16-M0-NB-C:J07-U11 2005-06-13-17.38.02.756042 R16-M0-NB-C:J07-U11 RAS KERNEL FATAL data storage interrupt
KERNSTOR 1118709549 2005.06.13 R15-M0-N9-C:J05-U11 2005-06-13-17.39.09.591793 R15-M0-N9-C:J05-U11 RAS KERNEL FATAL data storage interrupt
KERNSTOR 1118709578 2005.06.13 R13-M1-N2-C:J17-U01 2005-06-13-17.39.38.100643 R13-M1-N2-C:J17-U01 RAS KERNEL FATAL data storage interrupt
KERNSTOR 1118709681 2005.06.13 R01-M1-NA-C:J13-U01 2005-06-13-17.41.21.634261 R01-M1-NA-C:J13-U01 RAS KERNEL FATAL data storage interrupt
KERNSTOR 1118709681 2005.06.13 R01-M1-NA-C:J09-U01 2005-06-13-17.41.21.662328 R01-M1-NA-C:J09-U01 RAS KERNEL FATAL data storage interrupt
KERNSTOR 1118709717 2005.06.13 R05-M0-N7-C:J10-U11 2005-06-13-17.41.57.658353 R05-M0-N7-C:J10-U11 RAS KERNEL FATAL data storage interrupt
KERNSTOR 1118709851 2005.06.13 R02-M0-N0-C:J10-U01 2005-06-13-17.44.11.050768 R02-M0-N0-C:J10-U01 RAS KERNEL FATAL data storage interrupt
- 1118709955 2005.06.13 R10-M0-N1-C:J17-U11 2005-06-13-17.45.55.674418 R10-M0-N1-C:J17-U11 RAS KERNEL FATAL instruction address: 0x00004ed8
- 1118709996 2005.06.13 R12-M1-NB-C:J09-U01 2005-06-13-17.46.36.623273 R12-M1-NB-C:J09-U01 RAS KERNEL FATAL instruction address: 0x00004ed8
- 1118710134 2005.06.13 R04-M1-N1-C:J11-U11 2005-06-13-17.48.54.474557 R04-M1-N1-C:J11-U11 RAS KERNEL FATAL instruction address: 0x00004ed8
- 1118710233 2005.06.13 R01-M0-NE-C:J17-U11 2005-06-13-17.50.33.240802 R01-M0-NE-C:J17-U11 RAS KERNEL FATAL instruction address: 0x00004ed8
- 1118710289 2005.06.13 R16-M0-N8-C:J02-U11 2005-06-13-17.51.29.224900 R16-M0-N8-C:J02-U11 RAS KERNEL FATAL instruction address: 0x00004ed8
- 1118710341 2005.06.13 R02-M0-N8-C:J08-U11 2005-06-13-17.52.21.811586 R02-M0-N8-C:J08-U11 RAS KERNEL FATAL instruction address: 0x00004ed8
- 1118710403 2005.06.13 R06-M0-N8-C:J13-U11 2005-06-13-17.53.23.965757 R06-M0-N8-C:J13-U11 RAS KERNEL FATAL instruction address: 0x00004ed8
- 1118732642 2005.06.14 R33-M0-NF-C:J07-U11 2005-06-14-00.04.02.552133 R33-M0-NF-C:J07-U11 RAS KERNEL INFO generating core.2522
- 1118758243 2005.06.14 R36-M0-N0-C:J04-U11 2005-06-14-07.10.43.523299 R36-M0-N0-C:J04-U11 RAS KERNEL INFO generating core.1711
- 1118758269 2005.06.14 R31-M0-NE-C:J15-U11 2005-06-14-07.11.09.281175 R31-M0-NE-C:J15-U11 RAS KERNEL INFO generating core.2332
- 1118758278 2005.06.14 R37-M1-NF-C:J11-U11 2005-06-14-07.11.18.222056 R37-M1-NF-C:J11-U11 RAS KERNEL INFO generating core.4505
- 1118758308 2005.06.14 R32-M0-N3-C:J11-U01 2005-06-14-07.11.48.689764 R32-M0-N3-C:J11-U01 RAS KERNEL INFO generating core.1521
KERNSTOR 1118765205 2005.06.14 R15-M1-NF-C:J11-U11 2005-06-14-09.06.45.752792 R15-M1-NF-C:J11-U11 RAS KERNEL FATAL data storage interrupt
KERNSTOR 1118765277 2005.06.14 R12-M0-N2-C:J11-U01 2005-06-14-09.07.57.162326 R12-M0-N2-C:J11-U01 RAS KERNEL FATAL data storage interrupt
KERNSTOR 1118765328 2005.06.14 R14-M0-N2-C:J02-U01 2005-06-14-09.08.48.339582 R14-M0-N2-C:J02-U01 RAS KERNEL FATAL data storage interrupt
KERNSTOR 1118765360 2005.06.14 R04-M0-ND-C:J15-U01 2005-06-14-09.09.20.459609 R04-M0-ND-C:J15-U01 RAS KERNEL FATAL data storage interrupt
KERNSTOR 1118765370 2005.06.14 R01-M1-N6-C:J15-U11 2005-06-14-09.09.30.138103 R01-M1-N6-C:J15-U11 RAS KERNEL FATAL data storage interrupt
KERNSTOR 1118765511 2005.06.14 R06-M0-N7-C:J08-U01 2005-06-14-09.11.51.127157 R06-M0-N7-C:J08-U01 RAS KERNEL FATAL data storage interrupt
KERNSTOR 1118765631 2005.06.14 R12-M1-NC-C:J13-U11 2005-06-14-09.13.51.017266 R12-M1-NC-C:J13-U11 RAS KERNEL FATAL data storage interrupt
KERNSTOR 1118765631 2005.06.14 R06-M0-N0-C:J11-U11 2005-06-14-09.13.51.996954 R06-M0-N0-C:J11-U11 RAS KERNEL FATAL data storage interrupt
- 1118765676 2005.06.14 R16-M1-N2-C:J07-U01 2005-06-14-09.14.36.498843 R16-M1-N2-C:J07-U01 RAS KERNEL FATAL instruction address: 0x00004ed8
- 1118765746 2005.06.14 R17-M1-N1-C:J12-U11 2005-06-14-09.15.46.266882 R17-M1-N1-C:J12-U11 RAS KERNEL FATAL instruction address: 0x00004ed8
- 1118765795 2005.06.14 R16-M1-N9-C:J16-U11 2005-06-14-09.16.35.364588 R16-M1-N9-C:J16-U11 RAS KERNEL FATAL instruction address: 0x00004ed8
- 1118765825 2005.06.14 R13-M0-NA-C:J15-U01 2005-06-14-09.17.05.516605 R13-M0-NA-C:J15-U01 RAS KERNEL FATAL instruction address: 0x00004ed8
- 1118765858 2005.06.14 R11-M0-N7-C:J10-U01 2005-06-14-09.17.38.154403 R11-M0-N7-C:J10-U01 RAS KERNEL FATAL instruction address: 0x00004ed8
- 1118766090 2005.06.14 R00-M0-N0-C:J13-U11 2005-06-14-09.21.30.885300 R00-M0-N0-C:J13-U11 RAS KERNEL FATAL instruction address: 0x00004ed8
- 1118766119 2005.06.14 R02-M1-NC-C:J08-U11 2005-06-14-09.21.59.021659 R02-M1-NC-C:J08-U11 RAS KERNEL FATAL instruction address: 0x00004ed8
- 1118766139 2005.06.14 R07-M0-NC-C:J10-U01 2005-06-14-09.22.19.720208 R07-M0-NC-C:J10-U01 RAS KERNEL FATAL instruction address: 0x00004ed8
KERNSTOR 1118766804 2005.06.14 R24-M1-N0-C:J16-U01 2005-06-14-09.33.24.217741 R24-M1-N0-C:J16-U01 RAS KERNEL FATAL data storage interrupt
- 1118766833 2005.06.14 R24-M1-ND-C:J11-U11 2005-06-14-09.33.53.107913 R24-M1-ND-C:J11-U11 RAS KERNEL FATAL instruction address: 0x00004ed8
- 1118766935 2005.06.14 R20-M1-NC-C:J05-U01 2005-06-14-09.35.35.569986 R20-M1-NC-C:J05-U01 RAS KERNEL FATAL instruction address: 0x00004ed8
- 1118767015 2005.06.14 R24-M1-N3-C:J16-U01 2005-06-14-09.36.55.370589 R24-M1-N3-C:J16-U01 RAS KERNEL FATAL data address: 0x00000002
- 1118767049 2005.06.14 R25-M1-N3-C:J16-U01 2005-06-14-09.37.29.304192 R25-M1-N3-C:J16-U01 RAS KERNEL FATAL data address: 0x00000002
- 1118767283 2005.06.14 R20-M1-N3-C:J14-U01 2005-06-14-09.41.23.815131 R20-M1-N3-C:J14-U01 RAS KERNEL FATAL machine check: i-fetch......................0
- 1118767320 2005.06.14 R25-M1-N9-C:J06-U11 2005-06-14-09.42.00.555171 R25-M1-N9-C:J06-U11 RAS KERNEL FATAL machine check: i-fetch......................0
- 1118767381 2005.06.14 R20-M0-N2-C:J13-U11 2005-06-14-09.43.01.478244 R20-M0-N2-C:J13-U11 RAS KERNEL FATAL program interrupt: illegal instruction......0
KERNSTOR 1118767897 2005.06.14 R20-M0-NE-C:J02-U01 2005-06-14-09.51.37.041158 R20-M0-NE-C:J02-U01 RAS KERNEL FATAL data storage interrupt
KERNSTOR 1118767942 2005.06.14 R25-M0-NB-C:J02-U11 2005-06-14-09.52.22.295234 R25-M0-NB-C:J02-U11 RAS KERNEL FATAL data storage interrupt
KERNSTOR 1118767955 2005.06.14 R11-M1-N6-C:J12-U01 2005-06-14-09.52.35.590523 R11-M1-N6-C:J12-U01 RAS KERNEL FATAL data storage interrupt
KERNSTOR 1118767965 2005.06.14 R24-M1-N6-C:J13-U01 2005-06-14-09.52.45.933587 R24-M1-N6-C:J13-U01 RAS KERNEL FATAL data storage interrupt
KERNSTOR 1118768001 2005.06.14 R07-M1-N2-C:J05-U11 2005-06-14-09.53.21.013029 R07-M1-N2-C:J05-U11 RAS KERNEL FATAL data storage interrupt
- 1118768017 2005.06.14 R21-M1-NB-C:J12-U01 2005-06-14-09.53.37.560823 R21-M1-NB-C:J12-U01 RAS KERNEL FATAL instruction address: 0x00004ed8
KERNSTOR 1118768044 2005.06.14 R05-M1-NB-C:J07-U11 2005-06-14-09.54.04.393973 R05-M1-NB-C:J07-U11 RAS KERNEL FATAL data storage interrupt
- 1118768070 2005.06.14 R24-M1-N7-C:J08-U01 2005-06-14-09.54.30.228119 R24-M1-N7-C:J08-U01 RAS KERNEL FATAL instruction address: 0x00004ed8
KERNSTOR 1118768087 2005.06.14 R16-M0-N4-C:J02-U11 2005-06-14-09.54.47.139055 R16-M0-N4-C:J02-U11 RAS KERNEL FATAL data storage interrupt
- 1118768111 2005.06.14 R20-M1-N7-C:J16-U01 2005-06-14-09.55.11.455484 R20-M1-N7-C:J16-U01 RAS KERNEL FATAL data address: 0x00000002
KERNSTOR 1118768121 2005.06.14 R03-M1-N8-C:J13-U11 2005-06-14-09.55.21.391576 R03-M1-N8-C:J13-U11 RAS KERNEL FATAL data storage interrupt
- 1118768158 2005.06.14 R25-M0-NF-C:J05-U01 2005-06-14-09.55.58.097920 R25-M0-NF-C:J05-U01 RAS KERNEL FATAL data address: 0x00000002
- 1118768162 2005.06.14 R25-M0-ND-C:J04-U01 2005-06-14-09.56.02.974678 R25-M0-ND-C:J04-U01 RAS KERNEL FATAL data address: 0x00000002
KERNSTOR 1118768178 2005.06.14 R06-M1-NC-C:J11-U01 2005-06-14-09.56.18.293090 R06-M1-NC-C:J11-U01 RAS KERNEL FATAL data storage interrupt
- 1118768186 2005.06.14 R24-M1-N6-C:J11-U01 2005-06-14-09.56.26.940016 R24-M1-N6-C:J11-U01 RAS KERNEL FATAL data address: 0x00000002
- 1118768357 2005.06.14 R25-M0-N3-C:J13-U11 2005-06-14-09.59.17.720736 R25-M0-N3-C:J13-U11 RAS KERNEL FATAL machine check: i-fetch......................0
KERNSTOR 1118769323 2005.06.14 R20-M0-ND-C:J15-U11 2005-06-14-10.15.23.940275 R20-M0-ND-C:J15-U11 RAS KERNEL FATAL data storage interrupt
KERNSTOR 1118769408 2005.06.14 R25-M1-NF-C:J16-U01 2005-06-14-10.16.48.088109 R25-M1-NF-C:J16-U01 RAS KERNEL FATAL data storage interrupt
KERNSTOR 1118769443 2005.06.14 R21-M0-NC-C:J13-U11 2005-06-14-10.17.23.235674 R21-M0-NC-C:J13-U11 RAS KERNEL FATAL data storage interrupt
KERNSTOR 1118769444 2005.06.14 R21-M0-N4-C:J05-U11 2005-06-14-10.17.24.504094 R21-M0-N4-C:J05-U11 RAS KERNEL FATAL data storage interrupt
- 1118769450 2005.06.14 R26-M0-N9-C:J12-U01 2005-06-14-10.17.30.392758 R26-M0-N9-C:J12-U01 RAS KERNEL FATAL data address: 0x00000002
- 1118769489 2005.06.14 R20-M0-N3-C:J06-U01 2005-06-14-10.18.09.061481 R20-M0-N3-C:J06-U01 RAS KERNEL FATAL instruction address: 0x00004ed8
- 1118769530 2005.06.14 R27-M1-NA-C:J16-U11 2005-06-14-10.18.50.161104 R27-M1-NA-C:J16-U11 RAS KERNEL FATAL exception syndrome register: 0x00800000
- 1118769561 2005.06.14 R26-M0-N4-C:J16-U01 2005-06-14-10.19.21.829677 R26-M0-N4-C:J16-U01 RAS KERNEL FATAL exception syndrome register: 0x00800000
- 1118769562 2005.06.14 R26-M0-N0-C:J04-U11 2005-06-14-10.19.22.998644 R26-M0-N0-C:J04-U11 RAS KERNEL FATAL exception syndrome register: 0x00800000
- 1118769574 2005.06.14 R26-M1-NC-C:J13-U11 2005-06-14-10.19.34.342222 R26-M1-NC-C:J13-U11 RAS KERNEL FATAL exception syndrome register: 0x00800000
- 1118769649 2005.06.14 R26-M0-N5-C:J08-U01 2005-06-14-10.20.49.630306 R26-M0-N5-C:J08-U01 RAS KERNEL FATAL program interrupt: illegal instruction......0
- 1118769697 2005.06.14 R26-M0-N0-C:J02-U01 2005-06-14-10.21.37.752462 R26-M0-N0-C:J02-U01 RAS KERNEL FATAL program interrupt: illegal instruction......0
- 1118769705 2005.06.14 R21-M1-N4-C:J10-U01 2005-06-14-10.21.45.802128 R21-M1-N4-C:J10-U01 RAS KERNEL FATAL data address: 0x00000002
- 1118769811 2005.06.14 R25-M1-N3-C:J16-U01 2005-06-14-10.23.31.130281 R25-M1-N3-C:J16-U01 RAS KERNEL FATAL exception syndrome register: 0x00800000
- 1118769984 2005.06.14 R20-M1-N8-C:J08-U11 2005-06-14-10.26.24.461952 R20-M1-N8-C:J08-U11 RAS KERNEL FATAL machine check: i-fetch......................0
- 1118769991 2005.06.14 R26-M0-NA-C:J04-U11 2005-06-14-10.26.31.242578 R26-M0-NA-C:J04-U11 RAS KERNEL FATAL data store interrupt caused by dcbf.........0
- 1118769993 2005.06.14 R20-M0-N4-C:J15-U01 2005-06-14-10.26.33.758477 R20-M0-N4-C:J15-U01 RAS KERNEL FATAL machine check: i-fetch......................0
- 1118769997 2005.06.14 R26-M0-N2-C:J05-U01 2005-06-14-10.26.37.865134 R26-M0-N2-C:J05-U01 RAS KERNEL FATAL data store interrupt caused by dcbf.........0
- 1118770028 2005.06.14 R20-M0-ND-C:J05-U01 2005-06-14-10.27.08.151309 R20-M0-ND-C:J05-U01 RAS KERNEL FATAL program interrupt: illegal instruction......0
- 1118770101 2005.06.14 R21-M1-N6-C:J03-U11 2005-06-14-10.28.21.217840 R21-M1-N6-C:J03-U11 RAS KERNEL FATAL program interrupt: illegal instruction......0
- 1118770227 2005.06.14 R25-M1-N6-C:J15-U11 2005-06-14-10.30.27.419268 R25-M1-N6-C:J15-U11 RAS KERNEL FATAL program interrupt: privileged instruction...0
- 1118770236 2005.06.14 R25-M1-N3-C:J14-U11 2005-06-14-10.30.36.559680 R25-M1-N3-C:J14-U11 RAS KERNEL FATAL program interrupt: privileged instruction...0
- 1118770309 2005.06.14 R20-M1-NB-C:J03-U11 2005-06-14-10.31.49.464584 R20-M1-NB-C:J03-U11 RAS KERNEL FATAL program interrupt: trap instruction.........0
- 1118770375 2005.06.14 R27-M0-N3-C:J15-U01 2005-06-14-10.32.55.359107 R27-M0-N3-C:J15-U01 RAS KERNEL FATAL program interrupt: imprecise exception......0
- 1118770603 2005.06.14 R24-M1-NE-C:J15-U11 2005-06-14-10.36.43.928442 R24-M1-NE-C:J15-U11 RAS KERNEL FATAL store operation.............................1
- 1118770625 2005.06.14 R20-M0-NF-C:J07-U01 2005-06-14-10.37.05.332040 R20-M0-NF-C:J07-U01 RAS KERNEL FATAL store operation.............................1
- 1118770646 2005.06.14 R27-M1-N9-C:J11-U11 2005-06-14-10.37.26.925212 R27-M1-N9-C:J11-U11 RAS KERNEL FATAL machine state register: 0x00002000
- 1118770918 2005.06.14 R24-M0-N5-C:J05-U01 2005-06-14-10.41.58.776391 R24-M0-N5-C:J05-U01 RAS KERNEL FATAL data store interrupt caused by icbi.........0
- 1118770954 2005.06.14 R26-M0-N4-C:J15-U11 2005-06-14-10.42.34.598602 R26-M0-N4-C:J15-U11 RAS KERNEL FATAL problem state (0=sup,1=usr).......0
- 1118770989 2005.06.14 R21-M1-N4-C:J17-U11 2005-06-14-10.43.09.420211 R21-M1-N4-C:J17-U11 RAS KERNEL FATAL data store interrupt caused by icbi.........0
- 1118771001 2005.06.14 R25-M0-N8-C:J16-U11 2005-06-14-10.43.21.406138 R25-M0-N8-C:J16-U11 RAS KERNEL FATAL data store interrupt caused by icbi.........0
- 1118771001 2005.06.14 R26-M1-NF-C:J11-U11 2005-06-14-10.43.21.582308 R26-M1-NF-C:J11-U11 RAS KERNEL FATAL floating point instr. enabled.....1
- 1118771007 2005.06.14 R27-M0-N2-C:J12-U11 2005-06-14-10.43.27.316459 R27-M0-N2-C:J12-U11 RAS KERNEL FATAL floating point instr. enabled.....1
- 1118771014 2005.06.14 R27-M1-NF-C:J03-U11 2005-06-14-10.43.34.293126 R27-M1-NF-C:J03-U11 RAS KERNEL FATAL floating point instr. enabled.....1
- 1118771075 2005.06.14 R24-M0-NF-C:J09-U01 2005-06-14-10.44.35.353282 R24-M0-NF-C:J09-U01 RAS KERNEL FATAL auxiliary processor.........................0
- 1118771085 2005.06.14 R27-M1-ND-C:J09-U01 2005-06-14-10.44.45.851799 R27-M1-ND-C:J09-U01 RAS KERNEL FATAL machine check enable..............0
- 1118771098 2005.06.14 R26-M1-N4-C:J13-U11 2005-06-14-10.44.58.632865 R26-M1-N4-C:J13-U11 RAS KERNEL FATAL machine check enable..............0
- 1118771115 2005.06.14 R26-M0-N5-C:J11-U11 2005-06-14-10.45.15.849740 R26-M0-N5-C:J11-U11 RAS KERNEL FATAL floating pt ex mode 0 enable......0
- 1118771259 2005.06.14 R24-M0-NA-C:J16-U11 2005-06-14-10.47.39.811377 R24-M0-NA-C:J16-U11 RAS KERNEL FATAL program interrupt: unimplemented operation..0
- 1118771302 2005.06.14 R27-M1-N8-C:J09-U11 2005-06-14-10.48.22.614188 R27-M1-N8-C:J09-U11 RAS KERNEL FATAL debug interrupt enable............0
- 1118771330 2005.06.14 R26-M1-N6-C:J05-U01 2005-06-14-10.48.50.649332 R26-M1-N6-C:J05-U01 RAS KERNEL FATAL floating pt ex mode 1 enable......0
- 1118771384 2005.06.14 R21-M1-N6-C:J13-U11 2005-06-14-10.49.44.238733 R21-M1-N6-C:J13-U11 RAS KERNEL FATAL byte ordering exception.....................0
- 1118771409 2005.06.14 R20-M1-N8-C:J15-U11 2005-06-14-10.50.09.563848 R20-M1-N8-C:J15-U11 RAS KERNEL FATAL byte ordering exception.....................0
- 1118771469 2005.06.14 R27-M1-N9-C:J03-U01 2005-06-14-10.51.09.848118 R27-M1-N9-C:J03-U01 RAS KERNEL FATAL data address space................0
- 1118771475 2005.06.14 R26-M1-NA-C:J06-U01 2005-06-14-10.51.15.744393 R26-M1-NA-C:J06-U01 RAS KERNEL FATAL data address space................0
- 1118771516 2005.06.14 R25-M0-N6-C:J14-U11 2005-06-14-10.51.56.234430 R25-M0-N6-C:J14-U11 RAS KERNEL FATAL program interrupt: imprecise exception......0
- 1118771528 2005.06.14 R26-M0-NF-C:J15-U01 2005-06-14-10.52.08.434393 R26-M0-NF-C:J15-U01 RAS KERNEL FATAL core configuration register: 0x00002000
- 1118771568 2005.06.14 R25-M1-N0-C:J07-U11 2005-06-14-10.52.48.343774 R25-M1-N0-C:J07-U11 RAS KERNEL FATAL program interrupt: imprecise exception......0
- 1118771679 2005.06.14 R21-M1-N5-C:J05-U11 2005-06-14-10.54.39.063056 R21-M1-N5-C:J05-U11 RAS KERNEL FATAL program interrupt: fp cr update.............0
- 1118771823 2005.06.14 R26-M1-ND-C:J05-U11 2005-06-14-10.57.03.800229 R26-M1-ND-C:J05-U11 RAS KERNEL FATAL guaranteed instruction cache block touch.0
- 1118771847 2005.06.14 R26-M0-N8-C:J03-U01 2005-06-14-10.57.27.640707 R26-M0-N8-C:J03-U01 RAS KERNEL FATAL guaranteed instruction cache block touch.0
- 1118771875 2005.06.14 R20-M1-NB-C:J11-U11 2005-06-14-10.57.55.166387 R20-M1-NB-C:J11-U11 RAS KERNEL FATAL program interrupt: fp cr field .............0
- 1118771909 2005.06.14 R24-M1-N5-C:J09-U01 2005-06-14-10.58.29.332156 R24-M1-N5-C:J09-U01 RAS KERNEL FATAL program interrupt: fp cr field .............0
- 1118771917 2005.06.14 R24-M0-N2-C:J04-U01 2005-06-14-10.58.37.145331 R24-M0-N2-C:J04-U01 RAS KERNEL FATAL program interrupt: fp cr field .............0
- 1118771928 2005.06.14 R27-M1-N4-C:J05-U11 2005-06-14-10.58.48.336960 R27-M1-N4-C:J05-U11 RAS KERNEL FATAL guaranteed data cache block touch........1
- 1118771934 2005.06.14 R24-M0-ND-C:J02-U11 2005-06-14-10.58.54.996783 R24-M0-ND-C:J02-U11 RAS KERNEL FATAL program interrupt: fp cr field .............0
- 1118771988 2005.06.14 R27-M0-N7-C:J02-U01 2005-06-14-10.59.48.153923 R27-M0-N7-C:J02-U01 RAS KERNEL FATAL force load/store alignment...............0
- 1118772022 2005.06.14 R26-M0-N6-C:J14-U11 2005-06-14-11.00.22.056566 R26-M0-N6-C:J14-U11 RAS KERNEL FATAL icache prefetch depth....................0
- 1118772057 2005.06.14 R24-M0-N2-C:J16-U11 2005-06-14-11.00.57.941787 R24-M0-N2-C:J16-U11 RAS KERNEL FATAL machine state register: 0x00002000
- 1118772070 2005.06.14 R21-M1-N2-C:J10-U11 2005-06-14-11.01.10.339106 R21-M1-N2-C:J10-U11 RAS KERNEL FATAL machine state register: 0x00002000
- 1118772122 2005.06.14 R27-M0-N1-C:J15-U01 2005-06-14-11.02.02.534437 R27-M0-N1-C:J15-U01 RAS KERNEL FATAL icache prefetch threshold................0
- 1118772122 2005.06.14 R27-M0-N1-C:J08-U11 2005-06-14-11.02.02.749469 R27-M0-N1-C:J08-U11 RAS KERNEL FATAL icache prefetch threshold................0
- 1118772150 2005.06.14 R24-M0-NC-C:J12-U11 2005-06-14-11.02.30.070774 R24-M0-NC-C:J12-U11 RAS KERNEL FATAL machine state register: 0x00002000
- 1118772188 2005.06.14 R20-M0-N3-C:J06-U11 2005-06-14-11.03.08.491655 R20-M0-N3-C:J06-U11 RAS KERNEL FATAL wait state enable.................0
- 1118772337 2005.06.14 R24-M0-N7-C:J06-U01 2005-06-14-11.05.37.845720 R24-M0-N7-C:J06-U01 RAS KERNEL FATAL critical input interrupt enable...0
- 1118772585 2005.06.14 R20-M1-N1-C:J10-U01 2005-06-14-11.09.45.838343 R20-M1-N1-C:J10-U01 RAS KERNEL FATAL problem state (0=sup,1=usr).......0
- 1118772602 2005.06.14 R21-M1-NA-C:J07-U01 2005-06-14-11.10.02.651943 R21-M1-NA-C:J07-U01 RAS KERNEL FATAL problem state (0=sup,1=usr).......0
- 1118772772 2005.06.14 R21-M0-NF-C:J09-U01 2005-06-14-11.12.52.380819 R21-M0-NF-C:J09-U01 RAS KERNEL FATAL floating point instr. enabled.....1
- 1118772810 2005.06.14 R27-M0-N9-C:J12-U01 2005-06-14-11.13.30.870052 R27-M0-N9-C:J12-U01 RAS KERNEL FATAL special purpose registers:
- 1118772877 2005.06.14 R27-M1-N3-C:J04-U11 2005-06-14-11.14.37.821210 R27-M1-N3-C:J04-U11 RAS KERNEL FATAL lr:00004ed0 cr:28244842 xer:20000002 ctr:00086000
- 1118772927 2005.06.14 R27-M0-N6-C:J02-U11 2005-06-14-11.15.27.823191 R27-M0-N6-C:J02-U11 RAS KERNEL FATAL rts internal error
- 1118773031 2005.06.14 R21-M0-N2-C:J17-U11 2005-06-14-11.17.11.514583 R21-M0-N2-C:J17-U11 RAS KERNEL FATAL floating pt ex mode 0 enable......0
- 1118773049 2005.06.14 R20-M1-NF-C:J14-U11 2005-06-14-11.17.29.948847 R20-M1-NF-C:J14-U11 RAS KERNEL FATAL floating pt ex mode 0 enable......0
- 1118773252 2005.06.14 R20-M1-N0-C:J10-U01 2005-06-14-11.20.52.106874 R20-M1-N0-C:J10-U01 RAS KERNEL FATAL debug wait enable.................0
- 1118773424 2005.06.14 R25-M0-N2-C:J04-U11 2005-06-14-11.23.44.638394 R25-M0-N2-C:J04-U11 RAS KERNEL FATAL floating pt ex mode 1 enable......0
- 1118773618 2005.06.14 R25-M1-N7-C:J09-U11 2005-06-14-11.26.58.490506 R25-M1-N7-C:J09-U11 RAS KERNEL FATAL instruction address space.........0
- 1118773741 2005.06.14 R21-M0-N9-C:J08-U01 2005-06-14-11.29.01.258503 R21-M0-N9-C:J08-U01 RAS KERNEL FATAL data address space................0
- 1118773750 2005.06.14 R25-M1-NF-C:J16-U11 2005-06-14-11.29.10.800711 R25-M1-NF-C:J16-U11 RAS KERNEL FATAL data address space................0
- 1118773772 2005.06.14 R24-M1-N0-C:J04-U11 2005-06-14-11.29.32.480633 R24-M1-N0-C:J04-U11 RAS KERNEL FATAL data address space................0
- 1118773807 2005.06.14 R20-M1-N5-C:J13-U01 2005-06-14-11.30.07.879884 R20-M1-N5-C:J13-U01 RAS KERNEL FATAL core configuration register: 0x00002000
- 1118773808 2005.06.14 R20-M1-NA-C:J03-U01 2005-06-14-11.30.08.524358 R20-M1-NA-C:J03-U01 RAS KERNEL FATAL core configuration register: 0x00002000
- 1118773837 2005.06.14 R24-M0-NF-C:J08-U01 2005-06-14-11.30.37.732517 R24-M0-NF-C:J08-U01 RAS KERNEL FATAL core configuration register: 0x00002000
- 1118773839 2005.06.14 R21-M0-ND-C:J17-U11 2005-06-14-11.30.39.961375 R21-M0-ND-C:J17-U11 RAS KERNEL FATAL core configuration register: 0x00002000
- 1118773862 2005.06.14 R21-M0-N7-C:J02-U11 2005-06-14-11.31.02.213030 R21-M0-N7-C:J02-U11 RAS KERNEL FATAL core configuration register: 0x00002000
- 1118773883 2005.06.14 R24-M1-N6-C:J17-U01 2005-06-14-11.31.23.322583 R24-M1-N6-C:J17-U01 RAS KERNEL FATAL core configuration register: 0x00002000
- 1118773941 2005.06.14 R20-M1-NA-C:J04-U01 2005-06-14-11.32.21.174785 R20-M1-NA-C:J04-U01 RAS KERNEL FATAL disable store gathering..................0
- 1118774011 2005.06.14 R24-M0-NA-C:J14-U01 2005-06-14-11.33.31.835838 R24-M0-NA-C:J14-U01 RAS KERNEL FATAL disable store gathering..................0
- 1118774042 2005.06.14 R25-M1-N8-C:J03-U11 2005-06-14-11.34.02.588297 R25-M1-N8-C:J03-U11 RAS KERNEL FATAL disable store gathering..................0
- 1118783531 2005.06.14 R22-M0-N7-C:J08-U11 2005-06-14-14.12.11.357904 R22-M0-N7-C:J08-U11 RAS KERNEL INFO generating core.42
- 1118784453 2005.06.14 R07-M0-N6-C:J11-U01 2005-06-14-14.27.33.186273 R07-M0-N6-C:J11-U01 RAS KERNEL INFO total of 1 ddr error(s) detected and corrected
- 1118795802 2005.06.14 R23-M0-ND-C:J13-U01 2005-06-14-17.36.42.381657 R23-M0-ND-C:J13-U01 RAS KERNEL INFO generating core.145
- 1118809915 2005.06.14 R02-M1-N0-C:J12-U11 2005-06-14-21.31.55.295748 R02-M1-N0-C:J12-U11 RAS KERNEL INFO instruction cache parity error corrected
- 1118810502 2005.06.14 R02-M1-N0-C:J12-U11 2005-06-14-21.41.42.351016 R02-M1-N0-C:J12-U11 RAS KERNEL INFO instruction cache parity error corrected
- 1118811100 2005.06.14 R02-M1-N0-C:J12-U11 2005-06-14-21.51.40.083003 R02-M1-N0-C:J12-U11 RAS KERNEL INFO instruction cache parity error corrected
- 1118811393 2005.06.14 R02-M1-N0-C:J12-U11 2005-06-14-21.56.33.279265 R02-M1-N0-C:J12-U11 RAS KERNEL INFO instruction cache parity error corrected
- 1118812716 2005.06.14 R02-M1-N0-C:J12-U11 2005-06-14-22.18.36.751583 R02-M1-N0-C:J12-U11 RAS KERNEL INFO instruction cache parity error corrected
- 1118813039 2005.06.14 R02-M1-N0-C:J12-U11 2005-06-14-22.23.59.470421 R02-M1-N0-C:J12-U11 RAS KERNEL INFO instruction cache parity error corrected
- 1118843835 2005.06.15 R21-M1-N1-C:J07-U11 2005-06-15-06.57.15.905673 R21-M1-N1-C:J07-U11 RAS KERNEL INFO generating core.1978
- 1118843857 2005.06.15 R25-M1-N1-C:J15-U11 2005-06-15-06.57.37.567187 R25-M1-N1-C:J15-U11 RAS KERNEL INFO generating core.2040
- 1118846432 2005.06.15 R22-M0-NE-C:J04-U11 2005-06-15-07.40.32.710710 R22-M0-NE-C:J04-U11 RAS KERNEL INFO generating core.15
- 1118852240 2005.06.15 R02-M1-N0-C:J12-U11 2005-06-15-09.17.20.509519 R02-M1-N0-C:J12-U11 RAS KERNEL INFO instruction cache parity error corrected
- 1118852544 2005.06.15 R02-M1-N0-C:J12-U11 2005-06-15-09.22.24.246149 R02-M1-N0-C:J12-U11 RAS KERNEL INFO instruction cache parity error corrected
- 1118852625 2005.06.15 R02-M1-N0-C:J12-U11 2005-06-15-09.23.45.703981 R02-M1-N0-C:J12-U11 RAS KERNEL INFO instruction cache parity error corrected
- 1118852660 2005.06.15 R02-M1-N0-C:J12-U11 2005-06-15-09.24.20.246651 R02-M1-N0-C:J12-U11 RAS KERNEL INFO instruction cache parity error corrected
- 1118852703 2005.06.15 R02-M1-N0-C:J12-U11 2005-06-15-09.25.03.582371 R02-M1-N0-C:J12-U11 RAS KERNEL INFO instruction cache parity error corrected
- 1118852706 2005.06.15 R02-M1-N0-C:J12-U11 2005-06-15-09.25.06.962646 R02-M1-N0-C:J12-U11 RAS KERNEL INFO instruction cache parity error corrected
- 1118852913 2005.06.15 R02-M1-N0-C:J12-U11 2005-06-15-09.28.33.631142 R02-M1-N0-C:J12-U11 RAS KERNEL INFO instruction cache parity error corrected
- 1118853076 2005.06.15 R34-M1-N9-C:J07-U11 2005-06-15-09.31.16.623218 R34-M1-N9-C:J07-U11 RAS KERNEL INFO generating core.16218
- 1118860111 2005.06.15 R02-M1-N0-C:J12-U11 2005-06-15-11.28.31.099655 R02-M1-N0-C:J12-U11 RAS KERNEL INFO instruction cache parity error corrected
- 1118908990 2005.06.16 R02-M1-N1-C:J12-U01 2005-06-16-01.03.10.008103 R02-M1-N1-C:J12-U01 RAS KERNEL INFO instruction cache parity error corrected
- 1118911762 2005.06.16 R34-M0-NF-C:J03-U01 2005-06-16-01.49.22.748250 R34-M0-NF-C:J03-U01 RAS KERNEL INFO generating core.8531
- 1118911785 2005.06.16 R27-M1-ND-C:J11-U01 2005-06-16-01.49.45.558500 R27-M1-ND-C:J11-U01 RAS KERNEL INFO generating core.2961
- 1118911796 2005.06.16 R04-M1-N8-C:J09-U11 2005-06-16-01.49.56.966924 R04-M1-N8-C:J09-U11 RAS KERNEL INFO generating core.15966
- 1118915888 2005.06.16 R20-M1-N7-C:J08-U11 2005-06-16-02.58.08.116468 R20-M1-N7-C:J08-U11 RAS KERNEL INFO generating core.42
- 1118915889 2005.06.16 R24-M1-NE-C:J13-U11 2005-06-16-02.58.09.310238 R24-M1-NE-C:J13-U11 RAS KERNEL INFO generating core.93
- 1118916047 2005.06.16 R21-M1-N4-C:J12-U11 2005-06-16-03.00.47.249279 R21-M1-N4-C:J12-U11 RAS KERNEL INFO generating core.2605
- 1118916053 2005.06.16 R27-M0-N8-C:J11-U01 2005-06-16-03.00.53.351857 R27-M0-N8-C:J11-U01 RAS KERNEL INFO generating core.6037
- 1118916060 2005.06.16 R24-M1-N4-C:J07-U01 2005-06-16-03.01.00.566385 R24-M1-N4-C:J07-U01 RAS KERNEL INFO generating core.886
- 1118916076 2005.06.16 R23-M1-N4-C:J10-U11 2005-06-16-03.01.16.485975 R23-M1-N4-C:J10-U11 RAS KERNEL INFO generating core.3053
- 1118916076 2005.06.16 R23-M1-N4-C:J08-U01 2005-06-16-03.01.16.662641 R23-M1-N4-C:J08-U01 RAS KERNEL INFO generating core.2790
APPREAD 1118958902 2005.06.16 R32-M1-N8-I:J18-U01 2005-06-16-14.55.02.074340 R32-M1-N8-I:J18-U01 RAS APP FATAL ciod: failed to read message prefix on control stream (CioStream socket to 172.16.96.116:51706
- 1118964552 2005.06.16 R02-M1-N0-C:J12-U11 2005-06-16-16.29.12.853302 R02-M1-N0-C:J12-U11 RAS KERNEL INFO instruction cache parity error corrected
- 1119055358 2005.06.17 R12-M1-NB-C:J15-U01 2005-06-17-17.42.38.875141 R12-M1-NB-C:J15-U01 RAS KERNEL INFO generating core.1488
- 1119103692 2005.06.18 R16-M1-N2-C:J17-U01 2005-06-18-07.08.12.026766 R16-M1-N2-C:J17-U01 RAS KERNEL INFO CE sym 2, at 0x0b85f680, mask 0x0e
- 1119151510 2005.06.18 R36-M0-NF-C:J13-U01 2005-06-18-20.25.10.503085 R36-M0-NF-C:J13-U01 RAS KERNEL INFO generating core.2186
- 1119166454 2005.06.19 R04-M0-N9-C:J07-U01 2005-06-19-00.34.14.589889 R04-M0-N9-C:J07-U01 RAS KERNEL INFO generating core.978
- 1119166473 2005.06.19 R05-M1-N3-C:J15-U11 2005-06-19-00.34.33.890486 R05-M1-N3-C:J15-U11 RAS KERNEL INFO generating core.2808
- 1119166494 2005.06.19 R01-M1-N4-C:J07-U01 2005-06-19-00.34.54.479358 R01-M1-N4-C:J07-U01 RAS KERNEL INFO generating core.2486
- 1119290966 2005.06.20 R16-M1-N6-C:J08-U01 2005-06-20-11.09.26.582302 R16-M1-N6-C:J08-U01 RAS KERNEL INFO generating core.334
- 1119291000 2005.06.20 R17-M1-ND-C:J12-U11 2005-06-20-11.10.00.255483 R17-M1-ND-C:J12-U11 RAS KERNEL INFO generating core.5401
- 1119291039 2005.06.20 R00-M1-N3-C:J08-U11 2005-06-20-11.10.39.035194 R00-M1-N3-C:J08-U11 RAS KERNEL INFO generating core.14418
- 1119291044 2005.06.20 R12-M1-N2-C:J09-U11 2005-06-20-11.10.44.787932 R12-M1-N2-C:J09-U11 RAS KERNEL INFO generating core.2558
- 1119291099 2005.06.20 R11-M0-ND-C:J11-U11 2005-06-20-11.11.39.810523 R11-M0-ND-C:J11-U11 RAS KERNEL INFO generating core.9785
- 1119291235 2005.06.20 R01-M0-NE-C:J06-U01 2005-06-20-11.13.55.422033 R01-M0-NE-C:J06-U01 RAS KERNEL INFO generating core.4614
- 1119291291 2005.06.20 R13-M1-N8-C:J05-U11 2005-06-20-11.14.51.439913 R13-M1-N8-C:J05-U11 RAS KERNEL INFO generating core.7615
- 1119291293 2005.06.20 R10-M0-N8-C:J03-U11 2005-06-20-11.14.53.357175 R10-M0-N8-C:J03-U11 RAS KERNEL INFO generating core.15935
- 1119309833 2005.06.20 R14-M1-N0-I:J18-U01 2005-06-20-16.23.53.944371 R14-M1-N0-I:J18-U01 RAS APP FATAL ciod: Error loading /home/draeger/testQboxhang-nozerobytebug-nosleepyescomm: invalid or missing program image, No such file or directory
APPCHILD 1119319455 2005.06.20 R12-M1-NC-I:J18-U11 2005-06-20-19.04.15.002425 R12-M1-NC-I:J18-U11 RAS APP FATAL ciod: Error creating node map from file /p/gb2/cabot/miranda/newmaps/8k_128x64x1_8x4x4.map: No child processes
- 1119324666 2005.06.20 R16-M1-N2-C:J17-U01 2005-06-20-20.31.06.282052 R16-M1-N2-C:J17-U01 RAS KERNEL INFO CE sym 0, at 0x1b858280, mask 0x40
- 1119377678 2005.06.21 R20-M0-N9-C:J11-U11 2005-06-21-11.14.38.018978 R20-M0-N9-C:J11-U11 RAS KERNEL INFO generating core.8089
- 1119377680 2005.06.21 R20-M1-N2-C:J17-U01 2005-06-21-11.14.40.347916 R20-M1-N2-C:J17-U01 RAS KERNEL INFO generating core.4660
- 1119377709 2005.06.21 R24-M1-NB-C:J11-U01 2005-06-21-11.15.09.415157 R24-M1-NB-C:J11-U01 RAS KERNEL INFO generating core.721
- 1119377756 2005.06.21 R21-M1-N6-C:J02-U01 2005-06-21-11.15.56.944563 R21-M1-N6-C:J02-U01 RAS KERNEL INFO generating core.5287
- 1119377784 2005.06.21 R20-M1-N8-C:J04-U11 2005-06-21-11.16.24.473585 R20-M1-N8-C:J04-U11 RAS KERNEL INFO generating core.783
- 1119381883 2005.06.21 R05-M1-N8-C:J13-U01 2005-06-21-12.24.43.265881 R05-M1-N8-C:J13-U01 RAS KERNEL INFO 1 ddr errors(s) detected and corrected on rank 0, symbol 17, bit 1
- 1119383898 2005.06.21 R02-M1-N0-C:J12-U11 2005-06-21-12.58.18.149869 R02-M1-N0-C:J12-U11 RAS KERNEL INFO instruction cache parity error corrected
- 1119402454 2005.06.21 R22-M0-N4-I:J18-U11 2005-06-21-18.07.34.337232 R22-M0-N4-I:J18-U11 RAS APP FATAL ciod: Error loading ./runtime_malloc: invalid or missing program image, No such file or directory
- 1119450937 2005.06.22 R02-M1-N0-C:J12-U11 2005-06-22-07.35.37.412184 R02-M1-N0-C:J12-U11 RAS KERNEL INFO instruction cache parity error corrected
- 1119475796 2005.06.22 R22-M0-NA-C:J02-U11 2005-06-22-14.29.56.824423 R22-M0-NA-C:J02-U11 RAS KERNEL INFO 199680 double-hummer alignment exceptions
- 1119478812 2005.06.22 R20-M0-N3-C:J14-U01 2005-06-22-15.20.12.174541 R20-M0-N3-C:J14-U01 RAS KERNEL INFO 1969920 double-hummer alignment exceptions
- 1119479310 2005.06.22 R20-M0-N6-C:J03-U01 2005-06-22-15.28.30.643475 R20-M0-N6-C:J03-U01 RAS KERNEL INFO 2576000 double-hummer alignment exceptions
- 1119479317 2005.06.22 R21-M1-N1-C:J08-U11 2005-06-22-15.28.37.811949 R21-M1-N1-C:J08-U11 RAS KERNEL INFO 2576000 double-hummer alignment exceptions
- 1119481305 2005.06.22 R22-M1-NA-C:J04-U11 2005-06-22-16.01.45.870183 R22-M1-NA-C:J04-U11 RAS KERNEL INFO 6182400 double-hummer alignment exceptions
- 1119545636 2005.06.23 R23-M1-N7-C:J02-U01 2005-06-23-09.53.56.123342 R23-M1-N7-C:J02-U01 RAS KERNEL INFO 6182400 double-hummer alignment exceptions
- 1119569236 2005.06.23 R22-M0-N6-C:J12-U11 2005-06-23-16.27.16.266001 R22-M0-N6-C:J12-U11 RAS KERNEL INFO 6182400 double-hummer alignment exceptions
- 1119571364 2005.06.23 R23-M1-N7-C:J14-U01 2005-06-23-17.02.44.950044 R23-M1-N7-C:J14-U01 RAS KERNEL INFO 3091200 double-hummer alignment exceptions
- 1119571369 2005.06.23 R23-M1-ND-C:J02-U01 2005-06-23-17.02.49.991152 R23-M1-ND-C:J02-U01 RAS KERNEL INFO 3091200 double-hummer alignment exceptions
- 1119572030 2005.06.23 R23-M1-N8-C:J06-U01 2005-06-23-17.13.50.341611 R23-M1-N8-C:J06-U01 RAS KERNEL INFO 3091200 double-hummer alignment exceptions
- 1119625799 2005.06.24 R03-M0-NB-C:J10-U11 2005-06-24-08.09.59.585592 R03-M0-NB-C:J10-U11 RAS KERNEL INFO CE sym 12, at 0x1b786f60, mask 0x04
- 1119638161 2005.06.24 R16-M1-N2-C:J17-U01 2005-06-24-11.36.01.774405 R16-M1-N2-C:J17-U01 RAS KERNEL INFO CE sym 0, at 0x1b8584e0, mask 0x80
- 1119677904 2005.06.24 R36-M0-N5-C:J03-U01 2005-06-24-22.38.24.830252 R36-M0-N5-C:J03-U01 RAS KERNEL INFO CE sym 23, at 0x03f89c00, mask 0x10
- 1119693767 2005.06.25 R22-M0-NF-C:J02-U01 2005-06-25-03.02.47.673562 R22-M0-NF-C:J02-U01 RAS KERNEL INFO 23431872 double-hummer alignment exceptions
- 1119695647 2005.06.25 R31-M1-ND-C:J05-U01 2005-06-25-03.34.07.686513 R31-M1-ND-C:J05-U01 RAS KERNEL INFO 259966605 double-hummer alignment exceptions
- 1119695690 2005.06.25 R35-M0-NF-C:J11-U11 2005-06-25-03.34.50.645459 R35-M0-NF-C:J11-U11 RAS KERNEL INFO 255244071 double-hummer alignment exceptions
- 1119695755 2005.06.25 R32-M0-N4-C:J02-U01 2005-06-25-03.35.55.677192 R32-M0-N4-C:J02-U01 RAS KERNEL INFO 259822751 double-hummer alignment exceptions
- 1119714915 2005.06.25 R30-M1-N7-C:J12-U01 2005-06-25-08.55.15.625203 R30-M1-N7-C:J12-U01 RAS KERNEL INFO generating core.24721
- 1119714992 2005.06.25 R20-M1-NB-C:J17-U01 2005-06-25-08.56.32.658269 R20-M1-NB-C:J17-U01 RAS KERNEL INFO generating core.4184
- 1119715100 2005.06.25 R26-M0-N6-C:J13-U11 2005-06-25-08.58.20.635863 R26-M0-N6-C:J13-U11 RAS KERNEL INFO generating core.58109
- 1119715124 2005.06.25 R27-M1-N7-C:J10-U01 2005-06-25-08.58.44.769752 R27-M1-N7-C:J10-U01 RAS KERNEL INFO generating core.9881
- 1119715242 2005.06.25 R21-M0-ND-C:J03-U11 2005-06-25-09.00.42.287070 R21-M0-ND-C:J03-U11 RAS KERNEL INFO generating core.19579
- 1119715309 2005.06.25 R34-M0-N2-C:J12-U01 2005-06-25-09.01.49.568758 R34-M0-N2-C:J12-U01 RAS KERNEL INFO generating core.4501
- 1119715342 2005.06.25 R31-M1-NE-C:J06-U11 2005-06-25-09.02.22.976560 R31-M1-NE-C:J06-U11 RAS KERNEL INFO generating core.50230
- 1119715346 2005.06.25 R30-M1-NA-C:J14-U11 2005-06-25-09.02.26.738118 R30-M1-NA-C:J14-U11 RAS KERNEL INFO generating core.62516
- 1119715392 2005.06.25 R34-M1-ND-C:J10-U01 2005-06-25-09.03.12.849230 R34-M1-ND-C:J10-U01 RAS KERNEL INFO generating core.27921
- 1119715413 2005.06.25 R25-M0-N6-C:J08-U11 2005-06-25-09.03.33.373728 R25-M0-N6-C:J08-U11 RAS KERNEL INFO generating core.16830
- 1119715453 2005.06.25 R21-M1-N7-C:J10-U01 2005-06-25-09.04.13.083368 R21-M1-N7-C:J10-U01 RAS KERNEL INFO generating core.9369
- 1119715567 2005.06.25 R23-M1-N6-C:J14-U01 2005-06-25-09.06.07.234215 R23-M1-N6-C:J14-U01 RAS KERNEL INFO generating core.10140
- 1119715593 2005.06.25 R32-M0-NA-C:J13-U11 2005-06-25-09.06.33.323216 R32-M0-NA-C:J13-U11 RAS KERNEL INFO generating core.37749
- 1119715602 2005.06.25 R35-M0-N6-C:J06-U11 2005-06-25-09.06.42.210046 R35-M0-N6-C:J06-U11 RAS KERNEL INFO generating core.9654
- 1119715612 2005.06.25 R23-M0-N9-C:J05-U01 2005-06-25-09.06.52.855570 R23-M0-N9-C:J05-U01 RAS KERNEL INFO generating core.56155
- 1119715625 2005.06.25 R24-M1-N9-C:J06-U11 2005-06-25-09.07.05.564792 R24-M1-N9-C:J06-U11 RAS KERNEL INFO generating core.40250
- 1119715819 2005.06.25 R15-M1-NB-C:J12-U11 2005-06-25-09.10.19.844956 R15-M1-NB-C:J12-U11 RAS KERNEL INFO generating core.45353
- 1119715834 2005.06.25 R15-M1-NF-C:J07-U11 2005-06-25-09.10.34.515707 R15-M1-NF-C:J07-U11 RAS KERNEL INFO generating core.9578
- 1119715845 2005.06.25 R17-M1-N9-C:J16-U01 2005-06-25-09.10.45.117528 R17-M1-N9-C:J16-U01 RAS KERNEL INFO generating core.14856
- 1119715908 2005.06.25 R00-M1-NA-C:J14-U01 2005-06-25-09.11.48.847599 R00-M1-NA-C:J14-U01 RAS KERNEL INFO generating core.62468
- 1119715922 2005.06.25 R16-M1-NA-C:J02-U01 2005-06-25-09.12.02.795224 R16-M1-NA-C:J02-U01 RAS KERNEL INFO generating core.38415
- 1119715980 2005.06.25 R00-M0-N1-C:J09-U11 2005-06-25-09.13.00.933541 R00-M0-N1-C:J09-U11 RAS KERNEL INFO generating core.39138
- 1119725008 2005.06.25 R21-M1-N5-C:J08-U01 2005-06-25-11.43.28.548275 R21-M1-N5-C:J08-U01 RAS KERNEL INFO generating core.10394
- 1119725040 2005.06.25 R05-M0-N7-C:J04-U01 2005-06-25-11.44.00.166788 R05-M0-N7-C:J04-U01 RAS KERNEL INFO generating core.41347
- 1119725071 2005.06.25 R04-M0-N1-C:J03-U01 2005-06-25-11.44.31.893401 R04-M0-N1-C:J03-U01 RAS KERNEL INFO generating core.7619
- 1119725148 2005.06.25 R31-M1-N2-C:J07-U01 2005-06-25-11.45.48.948077 R31-M1-N2-C:J07-U01 RAS KERNEL INFO generating core.54486
- 1119725160 2005.06.25 R33-M1-N2-C:J10-U01 2005-06-25-11.46.00.991233 R33-M1-N2-C:J10-U01 RAS KERNEL INFO generating core.22421
- 1119725245 2005.06.25 R33-M1-NE-C:J11-U01 2005-06-25-11.47.25.436889 R33-M1-NE-C:J11-U01 RAS KERNEL INFO generating core.18261
- 1119725280 2005.06.25 R20-M0-N7-C:J15-U11 2005-06-25-11.48.00.361268 R20-M0-N7-C:J15-U11 RAS KERNEL INFO generating core.58616
- 1119725305 2005.06.25 R27-M1-N9-C:J17-U11 2005-06-25-11.48.25.313227 R27-M1-N9-C:J17-U11 RAS KERNEL INFO generating core.47736
- 1119725352 2005.06.25 R24-M0-N7-C:J17-U01 2005-06-25-11.49.12.068081 R24-M0-N7-C:J17-U01 RAS KERNEL INFO generating core.25048
- 1119725352 2005.06.25 R24-M0-N7-C:J10-U01 2005-06-25-11.49.12.823777 R24-M0-N7-C:J10-U01 RAS KERNEL INFO generating core.58777
- 1119725476 2005.06.25 R33-M0-N1-C:J11-U11 2005-06-25-11.51.16.800981 R33-M0-N1-C:J11-U11 RAS KERNEL INFO generating core.49137
- 1119725489 2005.06.25 R27-M1-NF-C:J10-U11 2005-06-25-11.51.29.486868 R27-M1-NF-C:J10-U11 RAS KERNEL INFO generating core.42553
- 1119726280 2005.06.25 R10-M1-NA-C:J13-U11 2005-06-25-12.04.40.064277 R10-M1-NA-C:J13-U11 RAS KERNEL INFO generating core.2109
- 1119726375 2005.06.25 R14-M1-N6-C:J06-U01 2005-06-25-12.06.15.851937 R14-M1-N6-C:J06-U01 RAS KERNEL INFO generating core.718
- 1119726549 2005.06.25 R01-M1-NB-C:J14-U01 2005-06-25-12.09.09.759272 R01-M1-NB-C:J14-U01 RAS KERNEL INFO generating core.10752
- 1119726634 2005.06.25 R06-M0-N7-C:J04-U01 2005-06-25-12.10.34.183984 R06-M0-N7-C:J04-U01 RAS KERNEL INFO generating core.323
- 1119736307 2005.06.25 R01-M1-N8-I:J18-U11 2005-06-25-14.51.47.575572 R01-M1-N8-I:J18-U11 RAS APP FATAL ciod: Error loading /home/glosli/src/ddcMD/ddcMD/1.1.13/ddcMDbglV: invalid or missing program image, No such file or directory
- 1119799504 2005.06.26 R01-M1-ND-C:J15-U11 2005-06-26-08.25.04.032782 R01-M1-ND-C:J15-U11 RAS KERNEL INFO CE sym 5, at 0x11042a80, mask 0x04
- 1119801659 2005.06.26 R02-M1-N0-C:J12-U11 2005-06-26-09.00.59.195050 R02-M1-N0-C:J12-U11 RAS KERNEL INFO instruction cache parity error corrected
- 1119802755 2005.06.26 R03-M0-N9-C:J09-U01 2005-06-26-09.19.15.022089 R03-M0-N9-C:J09-U01 RAS KERNEL INFO generating core.21112
- 1119802781 2005.06.26 R07-M1-N0-C:J15-U11 2005-06-26-09.19.41.368208 R07-M1-N0-C:J15-U11 RAS KERNEL INFO program interrupt
- 1119802848 2005.06.26 R36-M1-NC-C:J06-U11 2005-06-26-09.20.48.858436 R36-M1-NC-C:J06-U11 RAS KERNEL INFO generating core.28370
- 1119803084 2005.06.26 R36-M0-ND-C:J13-U11 2005-06-26-09.24.44.819150 R36-M0-ND-C:J13-U11 RAS KERNEL INFO program interrupt: illegal instruction......1
- 1119803149 2005.06.26 R01-M1-N0-C:J04-U11 2005-06-26-09.25.49.706431 R01-M1-N0-C:J04-U11 RAS KERNEL INFO program interrupt: illegal instruction......1
- 1119803207 2005.06.26 R05-M1-N9-C:J14-U11 2005-06-26-09.26.47.879500 R05-M1-N9-C:J14-U11 RAS KERNEL INFO program interrupt: privileged instruction...0
- 1119803468 2005.06.26 R36-M1-ND-C:J16-U11 2005-06-26-09.31.08.715435 R36-M1-ND-C:J16-U11 RAS KERNEL INFO data store interrupt caused by dcbf.........0
- 1119803528 2005.06.26 R05-M0-NE-C:J05-U01 2005-06-26-09.32.08.442047 R05-M0-NE-C:J05-U01 RAS KERNEL INFO data store interrupt caused by icbi.........0
- 1119803550 2005.06.26 R35-M0-NB-C:J16-U01 2005-06-26-09.32.30.029388 R35-M0-NB-C:J16-U01 RAS KERNEL INFO data store interrupt caused by icbi.........0
- 1119803599 2005.06.26 R01-M0-N2-C:J08-U01 2005-06-26-09.33.19.958512 R01-M0-N2-C:J08-U01 RAS KERNEL INFO auxiliary processor.........................0
- 1119803602 2005.06.26 R00-M0-NB-C:J09-U01 2005-06-26-09.33.22.839312 R00-M0-NB-C:J09-U01 RAS KERNEL INFO auxiliary processor.........................0
- 1119803608 2005.06.26 R06-M0-NE-C:J12-U11 2005-06-26-09.33.28.642706 R06-M0-NE-C:J12-U11 RAS KERNEL INFO auxiliary processor.........................0
- 1119803693 2005.06.26 R00-M1-N3-C:J11-U01 2005-06-26-09.34.53.251232 R00-M1-N3-C:J11-U01 RAS KERNEL INFO program interrupt: unimplemented operation..0
- 1119803805 2005.06.26 R36-M0-N9-C:J12-U01 2005-06-26-09.36.45.237515 R36-M0-N9-C:J12-U01 RAS KERNEL INFO program interrupt: imprecise exception......0
- 1119803856 2005.06.26 R02-M1-N4-C:J12-U01 2005-06-26-09.37.36.335874 R02-M1-N4-C:J12-U01 RAS KERNEL INFO program interrupt: imprecise exception......0
- 1119806904 2005.06.26 R05-M0-N3-C:J11-U11 2005-06-26-10.28.24.350248 R05-M0-N3-C:J11-U11 RAS KERNEL INFO generating core.14700
- 1119806939 2005.06.26 R05-M0-N7-C:J13-U01 2005-06-26-10.28.59.279042 R05-M0-N7-C:J13-U01 RAS KERNEL INFO program interrupt
- 1119806955 2005.06.26 R03-M1-NC-C:J05-U11 2005-06-26-10.29.15.890436 R03-M1-NC-C:J05-U11 RAS KERNEL INFO program interrupt
- 1119806971 2005.06.26 R05-M1-N8-C:J15-U11 2005-06-26-10.29.31.819506 R05-M1-N8-C:J15-U11 RAS KERNEL INFO instruction address: 0x0062fe04
- 1119807051 2005.06.26 R05-M0-N6-C:J06-U11 2005-06-26-10.30.51.645473 R05-M0-N6-C:J06-U11 RAS KERNEL INFO exception syndrome register: 0x08000000
- 1119807165 2005.06.26 R00-M0-N4-C:J02-U01 2005-06-26-10.32.45.810547 R00-M0-N4-C:J02-U01 RAS KERNEL INFO program interrupt: illegal instruction......1
- 1119807218 2005.06.26 R35-M1-NF-C:J15-U01 2005-06-26-10.33.38.646025 R35-M1-NF-C:J15-U01 RAS KERNEL INFO program interrupt: privileged instruction...0
- 1119807482 2005.06.26 R05-M0-N5-C:J09-U11 2005-06-26-10.38.02.680379 R05-M0-N5-C:J09-U11 RAS KERNEL INFO data store interrupt caused by dcbf.........0
- 1119807491 2005.06.26 R02-M0-N9-C:J06-U01 2005-06-26-10.38.11.390037 R02-M0-N9-C:J06-U01 RAS KERNEL INFO data store interrupt caused by dcbf.........0
- 1119807588 2005.06.26 R33-M1-N3-C:J16-U11 2005-06-26-10.39.48.944209 R33-M1-N3-C:J16-U11 RAS KERNEL INFO auxiliary processor.........................0
- 1119859191 2005.06.27 R16-M1-N2-C:J17-U01 2005-06-27-00.59.51.127175 R16-M1-N2-C:J17-U01 RAS KERNEL INFO CE sym 0, at 0x1b8594e0, mask 0x40
- 1119977619 2005.06.28 R02-M1-NE 2005-06-28-09.53.39.479164 R02-M1-NE NULL DISCOVERY WARNING Node card is not fully functional
- 1119989828 2005.06.28 R26-M0-NB-C:J07-U01 2005-06-28-13.17.08.922455 R26-M0-NB-C:J07-U01 RAS KERNEL INFO CE sym 10, at 0x08e70580, mask 0x08
- 1120091427 2005.06.29 R05-M1-N3-C:J03-U11 2005-06-29-17.30.27.216695 R05-M1-N3-C:J03-U11 RAS KERNEL INFO generating core.1786
- 1120091562 2005.06.29 R37-M0-NA-C:J15-U01 2005-06-29-17.32.42.585032 R37-M0-NA-C:J15-U01 RAS KERNEL INFO generating core.26918
- 1120091766 2005.06.29 R32-M1-ND-C:J04-U01 2005-06-29-17.36.06.730195 R32-M1-ND-C:J04-U01 RAS KERNEL INFO generating core.10125
- 1120091839 2005.06.29 R15-M1-NB-C:J16-U01 2005-06-29-17.37.19.696868 R15-M1-NB-C:J16-U01 RAS KERNEL INFO generating core.4230
- 1120091979 2005.06.29 R04-M0-N9-C:J15-U11 2005-06-29-17.39.39.542921 R04-M0-N9-C:J15-U11 RAS KERNEL INFO generating core.179
- 1120092016 2005.06.29 R05-M1-ND-C:J06-U11 2005-06-29-17.40.16.155721 R05-M1-ND-C:J06-U11 RAS KERNEL INFO generating core.1177
- 1120092072 2005.06.29 R23-M1-NC-C:J05-U11 2005-06-29-17.41.12.397279 R23-M1-NC-C:J05-U11 RAS KERNEL INFO generating core.32693
- 1120092194 2005.06.29 R12-M0-N0-C:J13-U01 2005-06-29-17.43.14.852439 R12-M0-N0-C:J13-U01 RAS KERNEL INFO generating core.7151
- 1120092215 2005.06.29 R16-M0-N0-C:J13-U01 2005-06-29-17.43.35.753036 R16-M0-N0-C:J13-U01 RAS KERNEL INFO generating core.7023
- 1120093988 2005.06.29 R36-M1-N1-C:J05-U01 2005-06-29-18.13.08.381268 R36-M1-N1-C:J05-U01 RAS KERNEL INFO 344040 double-hummer alignment exceptions
- 1120094424 2005.06.29 R10-M0-N9-C:J05-U01 2005-06-29-18.20.24.553240 R10-M0-N9-C:J05-U01 RAS KERNEL INFO 344040 double-hummer alignment exceptions
- 1120094724 2005.06.29 R03-M0-N2-C:J02-U01 2005-06-29-18.25.24.062292 R03-M0-N2-C:J02-U01 RAS KERNEL INFO 344040 double-hummer alignment exceptions
- 1120145091 2005.06.30 R26-M0-NA-C:J17-U11 2005-06-30-08.24.51.228685 R26-M0-NA-C:J17-U11 RAS KERNEL INFO generating core.29308
- 1120145216 2005.06.30 R26-M1-ND-C:J08-U01 2005-06-30-08.26.56.428983 R26-M1-ND-C:J08-U01 RAS KERNEL INFO generating core.2586
- 1120145227 2005.06.30 R22-M1-N3-C:J14-U01 2005-06-30-08.27.07.043050 R22-M1-N3-C:J14-U01 RAS KERNEL INFO generating core.6040
- 1120145530 2005.06.30 R17-M0-NF-C:J16-U01 2005-06-30-08.32.10.323350 R17-M0-NF-C:J16-U01 RAS KERNEL INFO generating core.16904
- 1120145605 2005.06.30 R16-M0-NF-C:J07-U01 2005-06-30-08.33.25.225978 R16-M0-NF-C:J07-U01 RAS KERNEL INFO generating core.26186
- 1120145611 2005.06.30 R16-M0-NE-C:J14-U11 2005-06-30-08.33.31.578264 R16-M0-NE-C:J14-U11 RAS KERNEL INFO generating core.26156
- 1120145615 2005.06.30 R00-M0-ND-C:J17-U01 2005-06-30-08.33.35.910212 R00-M0-ND-C:J17-U01 RAS KERNEL INFO generating core.2112
- 1120145688 2005.06.30 R11-M0-N9-C:J03-U11 2005-06-30-08.34.48.113948 R11-M0-N9-C:J03-U11 RAS KERNEL INFO generating core.23659
- 1120145763 2005.06.30 R06-M0-NE-C:J11-U01 2005-06-30-08.36.03.800737 R06-M0-NE-C:J11-U01 RAS KERNEL INFO generating core.1605
- 1120145774 2005.06.30 R01-M1-NF-C:J05-U11 2005-06-30-08.36.14.017177 R01-M1-NF-C:J05-U11 RAS KERNEL INFO generating core.16483
- 1120145915 2005.06.30 R04-M0-NF-C:J12-U01 2005-06-30-08.38.35.958902 R04-M0-NF-C:J12-U01 RAS KERNEL INFO generating core.257
- 1120146038 2005.06.30 R25-M0-NC-C:J04-U11 2005-06-30-08.40.38.831619 R25-M0-NC-C:J04-U11 RAS KERNEL INFO generating core.18751
- 1120146042 2005.06.30 R21-M0-N0-C:J05-U11 2005-06-30-08.40.42.786067 R21-M0-N0-C:J05-U11 RAS KERNEL INFO generating core.22783
- 1120146085 2005.06.30 R32-M0-N8-C:J11-U01 2005-06-30-08.41.25.502105 R32-M0-N8-C:J11-U01 RAS KERNEL INFO generating core.8021
- 1120146112 2005.06.30 R15-M1-N4-C:J09-U11 2005-06-30-08.41.52.056302 R15-M1-N4-C:J09-U11 RAS KERNEL INFO generating core.10734
- 1120148315 2005.06.30 R00-M1-NA-C:J13-U11 2005-06-30-09.18.35.440546 R00-M1-NA-C:J13-U11 RAS KERNEL INFO generating core.3613
- 1120148424 2005.06.30 R06-M1-N2-C:J15-U11 2005-06-30-09.20.24.416584 R06-M1-N2-C:J15-U11 RAS KERNEL INFO generating core.1916
- 1120148578 2005.06.30 R17-M0-NE-C:J09-U01 2005-06-30-09.22.58.210658 R17-M0-NE-C:J09-U01 RAS KERNEL INFO generating core.4246
- 1120148687 2005.06.30 R14-M0-N1-C:J12-U01 2005-06-30-09.24.47.505143 R14-M0-N1-C:J12-U01 RAS KERNEL INFO generating core.7777
- 1120148743 2005.06.30 R11-M0-N0-C:J02-U11 2005-06-30-09.25.43.591205 R11-M0-N0-C:J02-U11 RAS KERNEL INFO generating core.5935
- 1120148771 2005.06.30 R33-M1-N7-C:J05-U11 2005-06-30-09.26.11.626795 R33-M1-N7-C:J05-U11 RAS KERNEL INFO generating core.8691
- 1120149021 2005.06.30 R23-M1-ND-C:J16-U01 2005-06-30-09.30.21.891142 R23-M1-ND-C:J16-U01 RAS KERNEL INFO generating core.5512
- 1120150857 2005.06.30 R05-M0-N7-C:J04-U01 2005-06-30-10.00.57.531545 R05-M0-N7-C:J04-U01 RAS KERNEL INFO generating core.1123
- 1120150859 2005.06.30 R05-M0-N3-C:J12-U11 2005-06-30-10.00.59.776334 R05-M0-N3-C:J12-U11 RAS KERNEL INFO generating core.1641
- 1120155328 2005.06.30 R16-M1-N2-C:J17-U01 2005-06-30-11.15.28.804669 R16-M1-N2-C:J17-U01 RAS KERNEL INFO CE sym 0, at 0x1b858ca0, mask 0x40
- 1120173883 2005.06.30 R36-M1-N4-I:J18-U01 2005-06-30-16.24.43.164196 R36-M1-N4-I:J18-U01 RAS APP FATAL ciod: Error creating node map from file /p/gb2/welcome3/32k_128x256x1_8x4x4.map: Bad file descriptor
- 1120177846 2005.06.30 R16-M1-N2-C:J17-U01 2005-06-30-17.30.46.535444 R16-M1-N2-C:J17-U01 RAS KERNEL INFO CE sym 0, at 0x1b858280, mask 0x40
- 1120201391 2005.07.01 R01-M1-ND-C:J03-U01 2005-07-01-00.03.11.095704 R01-M1-ND-C:J03-U01 RAS KERNEL INFO CE sym 22, at 0x049af800, mask 0x02
- 1120209808 2005.07.01 R07-M1-NC-C:J12-U11 2005-07-01-02.23.28.948917 R07-M1-NC-C:J12-U11 RAS KERNEL INFO generating core.1165